{"timestamp": "2023-11-11T14:48:57.135364", "host": "NAZMI-PC", "run_id": "53512972-6129-4439-b08e-ccd1b77cd23a", "args": ["test.py"], "project": "name", "commit": "d1a4c4", "file": "test.py", "func": "run_a", "tool": "run_a", "exception": false}
{"timestamp": "2023-11-11T14:48:57.236029", "host": "NAZMI-PC", "run_id": "53512972-6129-4439-b08e-ccd1b77cd23a", "args": ["test.py"], "project": "name", "commit": "d1a4c4", "file": "run_b_file.py", "func": "run_b", "tool": "run_b", "exception": false}
{"timestamp": "2023-11-11T14:48:57.336799", "host": "NAZMI-PC", "run_id": "53512972-6129-4439-b08e-ccd1b77cd23a", "args": ["test.py"], "project": "name", "commit": "d1a4c4", "file": "run_c.py", "func": "run_c", "tool": "create iccp endpoint", "exception": false}
{"timestamp": "2023-11-11T14:48:57.437377", "host": "NAZMI-PC", "run_id": "53512972-6129-4439-b08e-ccd1b77cd23a", "args": ["test.py"], "project": "name", "commit": "d1a4c4", "file": "run_d.py", "func": "run_d", "tool": "run_d", "exception": false}
{"timestamp": "2023-11-11T14:48:57.537684", "host": "NAZMI-PC", "run_id": "53512972-6129-4439-b08e-ccd1b77cd23a", "args": ["test.py"], "project": "name", "commit": "d1a4c4", "file": "run_e.py", "func": "run_e", "tool": "run_e", "exception": {"name": "Exception", "message": "run_e exception"}}
{"timestamp": "2023-11-11T14:54:39.311103", "host": "NAZMI-PC", "run_id": "e176523a-c958-457f-b93c-ad68a7bed4cf", "args": ["test.py"], "project": "name", "commit": "d1a4c4", "file": "test.py", "func": "run_a", "tool": "run_a", "exception": false}
{"timestamp": "2023-11-11T14:54:39.411536", "host": "NAZMI-PC", "run_id": "e176523a-c958-457f-b93c-ad68a7bed4cf", "args": ["test.py"], "project": "name", "commit": "d1a4c4", "file": "run_b_file.py", "func": "run_b", "tool": "run_b", "exception": false}
{"timestamp": "2023-11-11T14:54:39.512275", "host": "NAZMI-PC", "run_id": "e176523a-c958-457f-b93c-ad68a7bed4cf", "args": ["test.py"], "project": "name", "commit": "d1a4c4", "file": "run_c.py", "func": "run_c", "tool": "create iccp endpoint", "exception": false}
{"timestamp": "2023-11-11T14:54:39.612994", "host": "NAZMI-PC", "run_id": "e176523a-c958-457f-b93c-ad68a7bed4cf", "args": ["test.py"], "project": "name", "commit": "d1a4c4", "file": "run_d.py", "func": "run_d", "tool": "run_d", "exception": false}
{"timestamp": "2023-11-11T14:54:39.713463", "host": "NAZMI-PC", "run_id": "e176523a-c958-457f-b93c-ad68a7bed4cf", "args": ["test.py"], "project": "name", "commit": "d1a4c4", "file": "run_e.py", "func": "run_e", "tool": "run_e", "exception": {"name": "Exception", "message": "run_e exception"}}
{"timestamp": "2023-11-11T14:54:39.920299", "host": "NAZMI-PC", "run_id": "e5183569-a942-4531-8afe-a668adb5c89a", "args": ["test.py"], "project": "name", "commit": "d1a4c4", "file": "test.py", "func": "run_a", "tool": "run_a", "exception": false}
{"timestamp": "2023-11-11T14:54:40.020656", "host": "NAZMI-PC", "run_id": "e5183569-a942-4531-8afe-a668adb5c89a", "args": ["test.py"], "project": "name", "commit": "d1a4c4", "file": "run_b_file.py", "func": "run_b", "tool": "run_b", "exception": false}
{"timestamp": "2023-11-11T14:54:40.121405", "host": "NAZMI-PC", "run_id": "e5183569-a942-4531-8afe-a668adb5c89a", "args": ["test.py"], "project": "name", "commit": "d1a4c4", "file": "run_c.py", "func": "run_c", "tool": "create iccp endpoint", "exception": false}
{"timestamp": "2023-11-11T14:54:40.222074", "host": "NAZMI-PC", "run_id": "e5183569-a942-4531-8afe-a668adb5c89a", "args": ["test.py"], "project": "name", "commit": "d1a4c4", "file": "run_d.py", "func": "run_d", "tool": "run_d", "exception": false}
{"timestamp": "2023-11-11T14:54:40.322610", "host": "NAZMI-PC", "run_id": "e5183569-a942-4531-8afe-a668adb5c89a", "args": ["test.py"], "project": "name", "commit": "d1a4c4", "file": "run_e.py", "func": "run_e", "tool": "run_e", "exception": {"name": "Exception", "message": "run_e exception"}}
{"timestamp": "2023-11-11T14:54:40.549224", "host": "NAZMI-PC", "run_id": "53d37d29-97e8-422e-a878-f7879dfcbae1", "args": ["test.py"], "project": "name", "commit": "d1a4c4", "file": "test.py", "func": "run_a", "tool": "run_a", "exception": false}
{"timestamp": "2023-11-11T14:54:40.649558", "host": "NAZMI-PC", "run_id": "53d37d29-97e8-422e-a878-f7879dfcbae1", "args": ["test.py"], "project": "name", "commit": "d1a4c4", "file": "run_b_file.py", "func": "run_b", "tool": "run_b", "exception": false}
{"timestamp": "2023-11-11T14:54:40.750319", "host": "NAZMI-PC", "run_id": "53d37d29-97e8-422e-a878-f7879dfcbae1", "args": ["test.py"], "project": "name", "commit": "d1a4c4", "file": "run_c.py", "func": "run_c", "tool": "create iccp endpoint", "exception": false}
{"timestamp": "2023-11-11T14:54:40.851082", "host": "NAZMI-PC", "run_id": "53d37d29-97e8-422e-a878-f7879dfcbae1", "args": ["test.py"], "project": "name", "commit": "d1a4c4", "file": "run_d.py", "func": "run_d", "tool": "run_d", "exception": false}
{"timestamp": "2023-11-11T14:54:40.951613", "host": "NAZMI-PC", "run_id": "53d37d29-97e8-422e-a878-f7879dfcbae1", "args": ["test.py"], "project": "name", "commit": "d1a4c4", "file": "run_e.py", "func": "run_e", "tool": "run_e", "exception": {"name": "Exception", "message": "run_e exception"}}
{"timestamp": "2023-11-11T14:54:41.186723", "host": "NAZMI-PC", "run_id": "5dacb23a-0a13-41a1-92ad-162e94500662", "args": ["test.py"], "project": "name", "commit": "d1a4c4", "file": "test.py", "func": "run_a", "tool": "run_a", "exception": false}
{"timestamp": "2023-11-11T14:54:41.287480", "host": "NAZMI-PC", "run_id": "5dacb23a-0a13-41a1-92ad-162e94500662", "args": ["test.py"], "project": "name", "commit": "d1a4c4", "file": "run_b_file.py", "func": "run_b", "tool": "run_b", "exception": false}
{"timestamp": "2023-11-11T14:54:41.388003", "host": "NAZMI-PC", "run_id": "5dacb23a-0a13-41a1-92ad-162e94500662", "args": ["test.py"], "project": "name", "commit": "d1a4c4", "file": "run_c.py", "func": "run_c", "tool": "create iccp endpoint", "exception": false}
{"timestamp": "2023-11-11T14:54:41.488610", "host": "NAZMI-PC", "run_id": "5dacb23a-0a13-41a1-92ad-162e94500662", "args": ["test.py"], "project": "name", "commit": "d1a4c4", "file": "run_d.py", "func": "run_d", "tool": "run_d", "exception": false}
{"timestamp": "2023-11-11T14:54:41.589338", "host": "NAZMI-PC", "run_id": "5dacb23a-0a13-41a1-92ad-162e94500662", "args": ["test.py"], "project": "name", "commit": "d1a4c4", "file": "run_e.py", "func": "run_e", "tool": "run_e", "exception": {"name": "Exception", "message": "run_e exception"}}
{"timestamp": "2023-11-11T14:54:41.825456", "host": "NAZMI-PC", "run_id": "55aa2ff5-0776-4072-8b15-2a793e966f20", "args": ["test.py"], "project": "name", "commit": "d1a4c4", "file": "test.py", "func": "run_a", "tool": "run_a", "exception": false}
{"timestamp": "2023-11-11T14:54:41.926038", "host": "NAZMI-PC", "run_id": "55aa2ff5-0776-4072-8b15-2a793e966f20", "args": ["test.py"], "project": "name", "commit": "d1a4c4", "file": "run_b_file.py", "func": "run_b", "tool": "run_b", "exception": false}
{"timestamp": "2023-11-11T14:54:42.026642", "host": "NAZMI-PC", "run_id": "55aa2ff5-0776-4072-8b15-2a793e966f20", "args": ["test.py"], "project": "name", "commit": "d1a4c4", "file": "run_c.py", "func": "run_c", "tool": "create iccp endpoint", "exception": false}
{"timestamp": "2023-11-11T14:54:42.127329", "host": "NAZMI-PC", "run_id": "55aa2ff5-0776-4072-8b15-2a793e966f20", "args": ["test.py"], "project": "name", "commit": "d1a4c4", "file": "run_d.py", "func": "run_d", "tool": "run_d", "exception": false}
{"timestamp": "2023-11-11T14:54:42.227855", "host": "NAZMI-PC", "run_id": "55aa2ff5-0776-4072-8b15-2a793e966f20", "args": ["test.py"], "project": "name", "commit": "d1a4c4", "file": "run_e.py", "func": "run_e", "tool": "run_e", "exception": {"name": "Exception", "message": "run_e exception"}}
{"timestamp": "2023-11-11T14:54:42.438942", "host": "NAZMI-PC", "run_id": "1ae57396-db3e-4347-a073-09cbbbb3713a", "args": ["test.py"], "project": "name", "commit": "d1a4c4", "file": "test.py", "func": "run_a", "tool": "run_a", "exception": false}
{"timestamp": "2023-11-11T14:54:42.539555", "host": "NAZMI-PC", "run_id": "1ae57396-db3e-4347-a073-09cbbbb3713a", "args": ["test.py"], "project": "name", "commit": "d1a4c4", "file": "run_b_file.py", "func": "run_b", "tool": "run_b", "exception": false}
{"timestamp": "2023-11-11T14:54:42.640288", "host": "NAZMI-PC", "run_id": "1ae57396-db3e-4347-a073-09cbbbb3713a", "args": ["test.py"], "project": "name", "commit": "d1a4c4", "file": "run_c.py", "func": "run_c", "tool": "create iccp endpoint", "exception": false}
{"timestamp": "2023-11-11T14:54:42.740904", "host": "NAZMI-PC", "run_id": "1ae57396-db3e-4347-a073-09cbbbb3713a", "args": ["test.py"], "project": "name", "commit": "d1a4c4", "file": "run_d.py", "func": "run_d", "tool": "run_d", "exception": false}
{"timestamp": "2023-11-11T14:54:42.841661", "host": "NAZMI-PC", "run_id": "1ae57396-db3e-4347-a073-09cbbbb3713a", "args": ["test.py"], "project": "name", "commit": "d1a4c4", "file": "run_e.py", "func": "run_e", "tool": "run_e", "exception": {"name": "Exception", "message": "run_e exception"}}
{"timestamp": "2023-11-11T14:54:43.056054", "host": "NAZMI-PC", "run_id": "bf038086-95f0-4fe0-ba2d-dbb99bcab54d", "args": ["test.py"], "project": "name", "commit": "d1a4c4", "file": "test.py", "func": "run_a", "tool": "run_a", "exception": false}
{"timestamp": "2023-11-11T14:54:43.156576", "host": "NAZMI-PC", "run_id": "bf038086-95f0-4fe0-ba2d-dbb99bcab54d", "args": ["test.py"], "project": "name", "commit": "d1a4c4", "file": "run_b_file.py", "func": "run_b", "tool": "run_b", "exception": false}
{"timestamp": "2023-11-11T14:54:43.257108", "host": "NAZMI-PC", "run_id": "bf038086-95f0-4fe0-ba2d-dbb99bcab54d", "args": ["test.py"], "project": "name", "commit": "d1a4c4", "file": "run_c.py", "func": "run_c", "tool": "create iccp endpoint", "exception": false}
{"timestamp": "2023-11-11T14:54:43.357630", "host": "NAZMI-PC", "run_id": "bf038086-95f0-4fe0-ba2d-dbb99bcab54d", "args": ["test.py"], "project": "name", "commit": "d1a4c4", "file": "run_d.py", "func": "run_d", "tool": "run_d", "exception": false}
{"timestamp": "2023-11-11T14:54:43.458164", "host": "NAZMI-PC", "run_id": "bf038086-95f0-4fe0-ba2d-dbb99bcab54d", "args": ["test.py"], "project": "name", "commit": "d1a4c4", "file": "run_e.py", "func": "run_e", "tool": "run_e", "exception": {"name": "Exception", "message": "run_e exception"}}
{"timestamp": "2023-11-11T14:54:43.685896", "host": "NAZMI-PC", "run_id": "e37fdf7b-9bb0-4128-ae35-b95e279d694e", "args": ["test.py"], "project": "name", "commit": "d1a4c4", "file": "test.py", "func": "run_a", "tool": "run_a", "exception": false}
{"timestamp": "2023-11-11T14:54:43.786418", "host": "NAZMI-PC", "run_id": "e37fdf7b-9bb0-4128-ae35-b95e279d694e", "args": ["test.py"], "project": "name", "commit": "d1a4c4", "file": "run_b_file.py", "func": "run_b", "tool": "run_b", "exception": false}
{"timestamp": "2023-11-11T14:54:43.887019", "host": "NAZMI-PC", "run_id": "e37fdf7b-9bb0-4128-ae35-b95e279d694e", "args": ["test.py"], "project": "name", "commit": "d1a4c4", "file": "run_c.py", "func": "run_c", "tool": "create iccp endpoint", "exception": false}
{"timestamp": "2023-11-11T14:54:43.987390", "host": "NAZMI-PC", "run_id": "e37fdf7b-9bb0-4128-ae35-b95e279d694e", "args": ["test.py"], "project": "name", "commit": "d1a4c4", "file": "run_d.py", "func": "run_d", "tool": "run_d", "exception": false}
{"timestamp": "2023-11-11T14:54:44.087955", "host": "NAZMI-PC", "run_id": "e37fdf7b-9bb0-4128-ae35-b95e279d694e", "args": ["test.py"], "project": "name", "commit": "d1a4c4", "file": "run_e.py", "func": "run_e", "tool": "run_e", "exception": {"name": "Exception", "message": "run_e exception"}}
{"timestamp": "2023-11-11T14:54:44.299295", "host": "NAZMI-PC", "run_id": "e4cfd7b5-bf30-4574-9948-1f52b9722c7d", "args": ["test.py"], "project": "name", "commit": "d1a4c4", "file": "test.py", "func": "run_a", "tool": "run_a", "exception": false}
{"timestamp": "2023-11-11T14:54:44.399913", "host": "NAZMI-PC", "run_id": "e4cfd7b5-bf30-4574-9948-1f52b9722c7d", "args": ["test.py"], "project": "name", "commit": "d1a4c4", "file": "run_b_file.py", "func": "run_b", "tool": "run_b", "exception": false}
{"timestamp": "2023-11-11T14:54:44.500442", "host": "NAZMI-PC", "run_id": "e4cfd7b5-bf30-4574-9948-1f52b9722c7d", "args": ["test.py"], "project": "name", "commit": "d1a4c4", "file": "run_c.py", "func": "run_c", "tool": "create iccp endpoint", "exception": false}
{"timestamp": "2023-11-11T14:54:44.600972", "host": "NAZMI-PC", "run_id": "e4cfd7b5-bf30-4574-9948-1f52b9722c7d", "args": ["test.py"], "project": "name", "commit": "d1a4c4", "file": "run_d.py", "func": "run_d", "tool": "run_d", "exception": false}
{"timestamp": "2023-11-11T14:54:44.701518", "host": "NAZMI-PC", "run_id": "e4cfd7b5-bf30-4574-9948-1f52b9722c7d", "args": ["test.py"], "project": "name", "commit": "d1a4c4", "file": "run_e.py", "func": "run_e", "tool": "run_e", "exception": {"name": "Exception", "message": "run_e exception"}}
{"timestamp": "2023-11-11T14:54:44.917061", "host": "NAZMI-PC", "run_id": "807d1425-a69f-46c2-9cb0-cb9782651d41", "args": ["test.py"], "project": "name", "commit": "d1a4c4", "file": "test.py", "func": "run_a", "tool": "run_a", "exception": false}
{"timestamp": "2023-11-11T14:54:45.017654", "host": "NAZMI-PC", "run_id": "807d1425-a69f-46c2-9cb0-cb9782651d41", "args": ["test.py"], "project": "name", "commit": "d1a4c4", "file": "run_b_file.py", "func": "run_b", "tool": "run_b", "exception": false}
{"timestamp": "2023-11-11T14:54:45.118181", "host": "NAZMI-PC", "run_id": "807d1425-a69f-46c2-9cb0-cb9782651d41", "args": ["test.py"], "project": "name", "commit": "d1a4c4", "file": "run_c.py", "func": "run_c", "tool": "create iccp endpoint", "exception": false}
{"timestamp": "2023-11-11T14:54:45.219079", "host": "NAZMI-PC", "run_id": "807d1425-a69f-46c2-9cb0-cb9782651d41", "args": ["test.py"], "project": "name", "commit": "d1a4c4", "file": "run_d.py", "func": "run_d", "tool": "run_d", "exception": false}
{"timestamp": "2023-11-11T14:54:45.319633", "host": "NAZMI-PC", "run_id": "807d1425-a69f-46c2-9cb0-cb9782651d41", "args": ["test.py"], "project": "name", "commit": "d1a4c4", "file": "run_e.py", "func": "run_e", "tool": "run_e", "exception": {"name": "Exception", "message": "run_e exception"}}
{"timestamp": "2023-11-11T14:54:45.543195", "host": "NAZMI-PC", "run_id": "a12f3d93-26e9-43ac-bbee-1597c059a88a", "args": ["test.py"], "project": "name", "commit": "d1a4c4", "file": "test.py", "func": "run_a", "tool": "run_a", "exception": false}
{"timestamp": "2023-11-11T14:54:45.643797", "host": "NAZMI-PC", "run_id": "a12f3d93-26e9-43ac-bbee-1597c059a88a", "args": ["test.py"], "project": "name", "commit": "d1a4c4", "file": "run_b_file.py", "func": "run_b", "tool": "run_b", "exception": false}
{"timestamp": "2023-11-11T14:54:45.744336", "host": "NAZMI-PC", "run_id": "a12f3d93-26e9-43ac-bbee-1597c059a88a", "args": ["test.py"], "project": "name", "commit": "d1a4c4", "file": "run_c.py", "func": "run_c", "tool": "create iccp endpoint", "exception": false}
{"timestamp": "2023-11-11T14:54:45.845100", "host": "NAZMI-PC", "run_id": "a12f3d93-26e9-43ac-bbee-1597c059a88a", "args": ["test.py"], "project": "name", "commit": "d1a4c4", "file": "run_d.py", "func": "run_d", "tool": "run_d", "exception": false}
{"timestamp": "2023-11-11T14:54:45.945638", "host": "NAZMI-PC", "run_id": "a12f3d93-26e9-43ac-bbee-1597c059a88a", "args": ["test.py"], "project": "name", "commit": "d1a4c4", "file": "run_e.py", "func": "run_e", "tool": "run_e", "exception": {"name": "Exception", "message": "run_e exception"}}
{"timestamp": "2023-11-11T14:54:46.157896", "host": "NAZMI-PC", "run_id": "704eab30-5f05-40b2-bb8d-d1276fe1dc7c", "args": ["test.py"], "project": "name", "commit": "d1a4c4", "file": "test.py", "func": "run_a", "tool": "run_a", "exception": false}
{"timestamp": "2023-11-11T14:54:46.258621", "host": "NAZMI-PC", "run_id": "704eab30-5f05-40b2-bb8d-d1276fe1dc7c", "args": ["test.py"], "project": "name", "commit": "d1a4c4", "file": "run_b_file.py", "func": "run_b", "tool": "run_b", "exception": false}
{"timestamp": "2023-11-11T14:54:46.359351", "host": "NAZMI-PC", "run_id": "704eab30-5f05-40b2-bb8d-d1276fe1dc7c", "args": ["test.py"], "project": "name", "commit": "d1a4c4", "file": "run_c.py", "func": "run_c", "tool": "create iccp endpoint", "exception": false}
{"timestamp": "2023-11-11T14:54:46.459887", "host": "NAZMI-PC", "run_id": "704eab30-5f05-40b2-bb8d-d1276fe1dc7c", "args": ["test.py"], "project": "name", "commit": "d1a4c4", "file": "run_d.py", "func": "run_d", "tool": "run_d", "exception": false}
{"timestamp": "2023-11-11T14:54:46.560198", "host": "NAZMI-PC", "run_id": "704eab30-5f05-40b2-bb8d-d1276fe1dc7c", "args": ["test.py"], "project": "name", "commit": "d1a4c4", "file": "run_e.py", "func": "run_e", "tool": "run_e", "exception": {"name": "Exception", "message": "run_e exception"}}
{"timestamp": "2023-11-11T14:54:46.771540", "host": "NAZMI-PC", "run_id": "9c5146b2-fbea-4288-9090-f4eb560c6ae5", "args": ["test.py"], "project": "name", "commit": "d1a4c4", "file": "test.py", "func": "run_a", "tool": "run_a", "exception": false}
{"timestamp": "2023-11-11T14:54:46.872061", "host": "NAZMI-PC", "run_id": "9c5146b2-fbea-4288-9090-f4eb560c6ae5", "args": ["test.py"], "project": "name", "commit": "d1a4c4", "file": "run_b_file.py", "func": "run_b", "tool": "run_b", "exception": false}
{"timestamp": "2023-11-11T14:54:46.972612", "host": "NAZMI-PC", "run_id": "9c5146b2-fbea-4288-9090-f4eb560c6ae5", "args": ["test.py"], "project": "name", "commit": "d1a4c4", "file": "run_c.py", "func": "run_c", "tool": "create iccp endpoint", "exception": false}
{"timestamp": "2023-11-11T14:54:47.073235", "host": "NAZMI-PC", "run_id": "9c5146b2-fbea-4288-9090-f4eb560c6ae5", "args": ["test.py"], "project": "name", "commit": "d1a4c4", "file": "run_d.py", "func": "run_d", "tool": "run_d", "exception": false}
{"timestamp": "2023-11-11T14:54:47.174094", "host": "NAZMI-PC", "run_id": "9c5146b2-fbea-4288-9090-f4eb560c6ae5", "args": ["test.py"], "project": "name", "commit": "d1a4c4", "file": "run_e.py", "func": "run_e", "tool": "run_e", "exception": {"name": "Exception", "message": "run_e exception"}}
{"timestamp": "2023-11-11T14:54:47.403640", "host": "NAZMI-PC", "run_id": "e4b00934-af22-4109-8702-3ee56e8b5df4", "args": ["test.py"], "project": "name", "commit": "d1a4c4", "file": "test.py", "func": "run_a", "tool": "run_a", "exception": false}
{"timestamp": "2023-11-11T14:54:47.504173", "host": "NAZMI-PC", "run_id": "e4b00934-af22-4109-8702-3ee56e8b5df4", "args": ["test.py"], "project": "name", "commit": "d1a4c4", "file": "run_b_file.py", "func": "run_b", "tool": "run_b", "exception": false}
{"timestamp": "2023-11-11T14:54:47.604717", "host": "NAZMI-PC", "run_id": "e4b00934-af22-4109-8702-3ee56e8b5df4", "args": ["test.py"], "project": "name", "commit": "d1a4c4", "file": "run_c.py", "func": "run_c", "tool": "create iccp endpoint", "exception": false}
{"timestamp": "2023-11-11T14:54:47.705245", "host": "NAZMI-PC", "run_id": "e4b00934-af22-4109-8702-3ee56e8b5df4", "args": ["test.py"], "project": "name", "commit": "d1a4c4", "file": "run_d.py", "func": "run_d", "tool": "run_d", "exception": false}
{"timestamp": "2023-11-11T14:54:47.805748", "host": "NAZMI-PC", "run_id": "e4b00934-af22-4109-8702-3ee56e8b5df4", "args": ["test.py"], "project": "name", "commit": "d1a4c4", "file": "run_e.py", "func": "run_e", "tool": "run_e", "exception": {"name": "Exception", "message": "run_e exception"}}
{"timestamp": "2023-11-11T14:54:48.024910", "host": "NAZMI-PC", "run_id": "b6574b29-35a4-47c2-afe4-963772e49c54", "args": ["test.py"], "project": "name", "commit": "d1a4c4", "file": "test.py", "func": "run_a", "tool": "run_a", "exception": false}
{"timestamp": "2023-11-11T14:54:48.125625", "host": "NAZMI-PC", "run_id": "b6574b29-35a4-47c2-afe4-963772e49c54", "args": ["test.py"], "project": "name", "commit": "d1a4c4", "file": "run_b_file.py", "func": "run_b", "tool": "run_b", "exception": false}
{"timestamp": "2023-11-11T14:54:48.226128", "host": "NAZMI-PC", "run_id": "b6574b29-35a4-47c2-afe4-963772e49c54", "args": ["test.py"], "project": "name", "commit": "d1a4c4", "file": "run_c.py", "func": "run_c", "tool": "create iccp endpoint", "exception": false}
{"timestamp": "2023-11-11T14:54:48.326663", "host": "NAZMI-PC", "run_id": "b6574b29-35a4-47c2-afe4-963772e49c54", "args": ["test.py"], "project": "name", "commit": "d1a4c4", "file": "run_d.py", "func": "run_d", "tool": "run_d", "exception": false}
{"timestamp": "2023-11-11T14:54:48.427192", "host": "NAZMI-PC", "run_id": "b6574b29-35a4-47c2-afe4-963772e49c54", "args": ["test.py"], "project": "name", "commit": "d1a4c4", "file": "run_e.py", "func": "run_e", "tool": "run_e", "exception": {"name": "Exception", "message": "run_e exception"}}
{"timestamp": "2023-11-11T14:54:48.639250", "host": "NAZMI-PC", "run_id": "b5973a6f-a555-4439-be02-61b7156ec56e", "args": ["test.py"], "project": "name", "commit": "d1a4c4", "file": "test.py", "func": "run_a", "tool": "run_a", "exception": false}
{"timestamp": "2023-11-11T14:54:48.739772", "host": "NAZMI-PC", "run_id": "b5973a6f-a555-4439-be02-61b7156ec56e", "args": ["test.py"], "project": "name", "commit": "d1a4c4", "file": "run_b_file.py", "func": "run_b", "tool": "run_b", "exception": false}
{"timestamp": "2023-11-11T14:54:48.840408", "host": "NAZMI-PC", "run_id": "b5973a6f-a555-4439-be02-61b7156ec56e", "args": ["test.py"], "project": "name", "commit": "d1a4c4", "file": "run_c.py", "func": "run_c", "tool": "create iccp endpoint", "exception": false}
{"timestamp": "2023-11-11T14:54:48.941138", "host": "NAZMI-PC", "run_id": "b5973a6f-a555-4439-be02-61b7156ec56e", "args": ["test.py"], "project": "name", "commit": "d1a4c4", "file": "run_d.py", "func": "run_d", "tool": "run_d", "exception": false}
{"timestamp": "2023-11-11T14:54:49.041671", "host": "NAZMI-PC", "run_id": "b5973a6f-a555-4439-be02-61b7156ec56e", "args": ["test.py"], "project": "name", "commit": "d1a4c4", "file": "run_e.py", "func": "run_e", "tool": "run_e", "exception": {"name": "Exception", "message": "run_e exception"}}
{"timestamp": "2023-11-11T14:54:49.254230", "host": "NAZMI-PC", "run_id": "445eb1f4-5bc5-4d4d-bca5-1ed61aa7bed7", "args": ["test.py"], "project": "name", "commit": "d1a4c4", "file": "test.py", "func": "run_a", "tool": "run_a", "exception": false}
{"timestamp": "2023-11-11T14:54:49.354753", "host": "NAZMI-PC", "run_id": "445eb1f4-5bc5-4d4d-bca5-1ed61aa7bed7", "args": ["test.py"], "project": "name", "commit": "d1a4c4", "file": "run_b_file.py", "func": "run_b", "tool": "run_b", "exception": false}
{"timestamp": "2023-11-11T14:54:49.455289", "host": "NAZMI-PC", "run_id": "445eb1f4-5bc5-4d4d-bca5-1ed61aa7bed7", "args": ["test.py"], "project": "name", "commit": "d1a4c4", "file": "run_c.py", "func": "run_c", "tool": "create iccp endpoint", "exception": false}
{"timestamp": "2023-11-11T14:54:49.555815", "host": "NAZMI-PC", "run_id": "445eb1f4-5bc5-4d4d-bca5-1ed61aa7bed7", "args": ["test.py"], "project": "name", "commit": "d1a4c4", "file": "run_d.py", "func": "run_d", "tool": "run_d", "exception": false}
{"timestamp": "2023-11-11T14:54:49.656351", "host": "NAZMI-PC", "run_id": "445eb1f4-5bc5-4d4d-bca5-1ed61aa7bed7", "args": ["test.py"], "project": "name", "commit": "d1a4c4", "file": "run_e.py", "func": "run_e", "tool": "run_e", "exception": {"name": "Exception", "message": "run_e exception"}}
{"timestamp": "2023-11-11T14:54:49.879966", "host": "NAZMI-PC", "run_id": "ec1e44a4-7707-4882-b62d-a11975a91c7f", "args": ["test.py"], "project": "name", "commit": "d1a4c4", "file": "test.py", "func": "run_a", "tool": "run_a", "exception": false}
{"timestamp": "2023-11-11T14:54:49.980490", "host": "NAZMI-PC", "run_id": "ec1e44a4-7707-4882-b62d-a11975a91c7f", "args": ["test.py"], "project": "name", "commit": "d1a4c4", "file": "run_b_file.py", "func": "run_b", "tool": "run_b", "exception": false}
{"timestamp": "2023-11-11T14:54:50.081225", "host": "NAZMI-PC", "run_id": "ec1e44a4-7707-4882-b62d-a11975a91c7f", "args": ["test.py"], "project": "name", "commit": "d1a4c4", "file": "run_c.py", "func": "run_c", "tool": "create iccp endpoint", "exception": false}
{"timestamp": "2023-11-11T14:54:50.181753", "host": "NAZMI-PC", "run_id": "ec1e44a4-7707-4882-b62d-a11975a91c7f", "args": ["test.py"], "project": "name", "commit": "d1a4c4", "file": "run_d.py", "func": "run_d", "tool": "run_d", "exception": false}
{"timestamp": "2023-11-11T14:54:50.282271", "host": "NAZMI-PC", "run_id": "ec1e44a4-7707-4882-b62d-a11975a91c7f", "args": ["test.py"], "project": "name", "commit": "d1a4c4", "file": "run_e.py", "func": "run_e", "tool": "run_e", "exception": {"name": "Exception", "message": "run_e exception"}}
{"timestamp": "2023-11-11T14:54:50.500847", "host": "NAZMI-PC", "run_id": "906ec9c1-1c71-4065-ae18-54577d333464", "args": ["test.py"], "project": "name", "commit": "d1a4c4", "file": "test.py", "func": "run_a", "tool": "run_a", "exception": false}
{"timestamp": "2023-11-11T14:54:50.601368", "host": "NAZMI-PC", "run_id": "906ec9c1-1c71-4065-ae18-54577d333464", "args": ["test.py"], "project": "name", "commit": "d1a4c4", "file": "run_b_file.py", "func": "run_b", "tool": "run_b", "exception": false}
{"timestamp": "2023-11-11T14:54:50.701909", "host": "NAZMI-PC", "run_id": "906ec9c1-1c71-4065-ae18-54577d333464", "args": ["test.py"], "project": "name", "commit": "d1a4c4", "file": "run_c.py", "func": "run_c", "tool": "create iccp endpoint", "exception": false}
{"timestamp": "2023-11-11T14:54:50.802432", "host": "NAZMI-PC", "run_id": "906ec9c1-1c71-4065-ae18-54577d333464", "args": ["test.py"], "project": "name", "commit": "d1a4c4", "file": "run_d.py", "func": "run_d", "tool": "run_d", "exception": false}
{"timestamp": "2023-11-11T14:54:50.903072", "host": "NAZMI-PC", "run_id": "906ec9c1-1c71-4065-ae18-54577d333464", "args": ["test.py"], "project": "name", "commit": "d1a4c4", "file": "run_e.py", "func": "run_e", "tool": "run_e", "exception": {"name": "Exception", "message": "run_e exception"}}
{"timestamp": "2023-11-11T14:54:51.118627", "host": "NAZMI-PC", "run_id": "08ce30cb-4373-4506-ad32-d668ff42b018", "args": ["test.py"], "project": "name", "commit": "d1a4c4", "file": "test.py", "func": "run_a", "tool": "run_a", "exception": false}
{"timestamp": "2023-11-11T14:54:51.219255", "host": "NAZMI-PC", "run_id": "08ce30cb-4373-4506-ad32-d668ff42b018", "args": ["test.py"], "project": "name", "commit": "d1a4c4", "file": "run_b_file.py", "func": "run_b", "tool": "run_b", "exception": false}
{"timestamp": "2023-11-11T14:54:51.319901", "host": "NAZMI-PC", "run_id": "08ce30cb-4373-4506-ad32-d668ff42b018", "args": ["test.py"], "project": "name", "commit": "d1a4c4", "file": "run_c.py", "func": "run_c", "tool": "create iccp endpoint", "exception": false}
{"timestamp": "2023-11-11T14:54:51.420166", "host": "NAZMI-PC", "run_id": "08ce30cb-4373-4506-ad32-d668ff42b018", "args": ["test.py"], "project": "name", "commit": "d1a4c4", "file": "run_d.py", "func": "run_d", "tool": "run_d", "exception": false}
{"timestamp": "2023-11-11T14:54:51.520696", "host": "NAZMI-PC", "run_id": "08ce30cb-4373-4506-ad32-d668ff42b018", "args": ["test.py"], "project": "name", "commit": "d1a4c4", "file": "run_e.py", "func": "run_e", "tool": "run_e", "exception": {"name": "Exception", "message": "run_e exception"}}
{"timestamp": "2023-11-11T14:54:51.733569", "host": "NAZMI-PC", "run_id": "5cee60bd-6e7b-42fa-ba58-88533b494b72", "args": ["test.py"], "project": "name", "commit": "d1a4c4", "file": "test.py", "func": "run_a", "tool": "run_a", "exception": false}
{"timestamp": "2023-11-11T14:54:51.834139", "host": "NAZMI-PC", "run_id": "5cee60bd-6e7b-42fa-ba58-88533b494b72", "args": ["test.py"], "project": "name", "commit": "d1a4c4", "file": "run_b_file.py", "func": "run_b", "tool": "run_b", "exception": false}
{"timestamp": "2023-11-11T14:54:51.934892", "host": "NAZMI-PC", "run_id": "5cee60bd-6e7b-42fa-ba58-88533b494b72", "args": ["test.py"], "project": "name", "commit": "d1a4c4", "file": "run_c.py", "func": "run_c", "tool": "create iccp endpoint", "exception": false}
{"timestamp": "2023-11-11T14:54:52.035420", "host": "NAZMI-PC", "run_id": "5cee60bd-6e7b-42fa-ba58-88533b494b72", "args": ["test.py"], "project": "name", "commit": "d1a4c4", "file": "run_d.py", "func": "run_d", "tool": "run_d", "exception": false}
{"timestamp": "2023-11-11T14:54:52.135984", "host": "NAZMI-PC", "run_id": "5cee60bd-6e7b-42fa-ba58-88533b494b72", "args": ["test.py"], "project": "name", "commit": "d1a4c4", "file": "run_e.py", "func": "run_e", "tool": "run_e", "exception": {"name": "Exception", "message": "run_e exception"}}
{"timestamp": "2023-11-11T14:54:52.360414", "host": "NAZMI-PC", "run_id": "f32870bf-55cc-4a32-a3d9-8c1e620bfbf1", "args": ["test.py"], "project": "name", "commit": "d1a4c4", "file": "test.py", "func": "run_a", "tool": "run_a", "exception": false}
{"timestamp": "2023-11-11T14:54:52.460874", "host": "NAZMI-PC", "run_id": "f32870bf-55cc-4a32-a3d9-8c1e620bfbf1", "args": ["test.py"], "project": "name", "commit": "d1a4c4", "file": "run_b_file.py", "func": "run_b", "tool": "run_b", "exception": false}
{"timestamp": "2023-11-11T14:54:52.561594", "host": "NAZMI-PC", "run_id": "f32870bf-55cc-4a32-a3d9-8c1e620bfbf1", "args": ["test.py"], "project": "name", "commit": "d1a4c4", "file": "run_c.py", "func": "run_c", "tool": "create iccp endpoint", "exception": false}
{"timestamp": "2023-11-11T14:54:52.662318", "host": "NAZMI-PC", "run_id": "f32870bf-55cc-4a32-a3d9-8c1e620bfbf1", "args": ["test.py"], "project": "name", "commit": "d1a4c4", "file": "run_d.py", "func": "run_d", "tool": "run_d", "exception": false}
{"timestamp": "2023-11-11T14:54:52.762850", "host": "NAZMI-PC", "run_id": "f32870bf-55cc-4a32-a3d9-8c1e620bfbf1", "args": ["test.py"], "project": "name", "commit": "d1a4c4", "file": "run_e.py", "func": "run_e", "tool": "run_e", "exception": {"name": "Exception", "message": "run_e exception"}}
{"timestamp": "2023-11-11T14:54:52.988397", "host": "NAZMI-PC", "run_id": "cbb18ff6-a758-425f-b4c9-21a007a776a4", "args": ["test.py"], "project": "name", "commit": "d1a4c4", "file": "test.py", "func": "run_a", "tool": "run_a", "exception": false}
{"timestamp": "2023-11-11T14:54:53.089154", "host": "NAZMI-PC", "run_id": "cbb18ff6-a758-425f-b4c9-21a007a776a4", "args": ["test.py"], "project": "name", "commit": "d1a4c4", "file": "run_b_file.py", "func": "run_b", "tool": "run_b", "exception": false}
{"timestamp": "2023-11-11T14:54:53.189852", "host": "NAZMI-PC", "run_id": "cbb18ff6-a758-425f-b4c9-21a007a776a4", "args": ["test.py"], "project": "name", "commit": "d1a4c4", "file": "run_c.py", "func": "run_c", "tool": "create iccp endpoint", "exception": false}
{"timestamp": "2023-11-11T14:54:53.290527", "host": "NAZMI-PC", "run_id": "cbb18ff6-a758-425f-b4c9-21a007a776a4", "args": ["test.py"], "project": "name", "commit": "d1a4c4", "file": "run_d.py", "func": "run_d", "tool": "run_d", "exception": false}
{"timestamp": "2023-11-11T14:54:53.391246", "host": "NAZMI-PC", "run_id": "cbb18ff6-a758-425f-b4c9-21a007a776a4", "args": ["test.py"], "project": "name", "commit": "d1a4c4", "file": "run_e.py", "func": "run_e", "tool": "run_e", "exception": {"name": "Exception", "message": "run_e exception"}}
{"timestamp": "2023-11-11T14:54:53.602867", "host": "NAZMI-PC", "run_id": "0e301913-b95a-4c4c-8f6f-98a285a77fa6", "args": ["test.py"], "project": "name", "commit": "d1a4c4", "file": "test.py", "func": "run_a", "tool": "run_a", "exception": false}
{"timestamp": "2023-11-11T14:54:53.703406", "host": "NAZMI-PC", "run_id": "0e301913-b95a-4c4c-8f6f-98a285a77fa6", "args": ["test.py"], "project": "name", "commit": "d1a4c4", "file": "run_b_file.py", "func": "run_b", "tool": "run_b", "exception": false}
{"timestamp": "2023-11-11T14:54:53.804072", "host": "NAZMI-PC", "run_id": "0e301913-b95a-4c4c-8f6f-98a285a77fa6", "args": ["test.py"], "project": "name", "commit": "d1a4c4", "file": "run_c.py", "func": "run_c", "tool": "create iccp endpoint", "exception": false}
{"timestamp": "2023-11-11T14:54:53.904572", "host": "NAZMI-PC", "run_id": "0e301913-b95a-4c4c-8f6f-98a285a77fa6", "args": ["test.py"], "project": "name", "commit": "d1a4c4", "file": "run_d.py", "func": "run_d", "tool": "run_d", "exception": false}
{"timestamp": "2023-11-11T14:54:54.005342", "host": "NAZMI-PC", "run_id": "0e301913-b95a-4c4c-8f6f-98a285a77fa6", "args": ["test.py"], "project": "name", "commit": "d1a4c4", "file": "run_e.py", "func": "run_e", "tool": "run_e", "exception": {"name": "Exception", "message": "run_e exception"}}
{"timestamp": "2023-11-11T14:54:54.224146", "host": "NAZMI-PC", "run_id": "268eb7ba-01c0-4b4a-adec-142666748be1", "args": ["test.py"], "project": "name", "commit": "d1a4c4", "file": "test.py", "func": "run_a", "tool": "run_a", "exception": false}
{"timestamp": "2023-11-11T14:54:54.324857", "host": "NAZMI-PC", "run_id": "268eb7ba-01c0-4b4a-adec-142666748be1", "args": ["test.py"], "project": "name", "commit": "d1a4c4", "file": "run_b_file.py", "func": "run_b", "tool": "run_b", "exception": false}
{"timestamp": "2023-11-11T14:54:54.425639", "host": "NAZMI-PC", "run_id": "268eb7ba-01c0-4b4a-adec-142666748be1", "args": ["test.py"], "project": "name", "commit": "d1a4c4", "file": "run_c.py", "func": "run_c", "tool": "create iccp endpoint", "exception": false}
{"timestamp": "2023-11-11T14:54:54.526163", "host": "NAZMI-PC", "run_id": "268eb7ba-01c0-4b4a-adec-142666748be1", "args": ["test.py"], "project": "name", "commit": "d1a4c4", "file": "run_d.py", "func": "run_d", "tool": "run_d", "exception": false}
{"timestamp": "2023-11-11T14:54:54.626713", "host": "NAZMI-PC", "run_id": "268eb7ba-01c0-4b4a-adec-142666748be1", "args": ["test.py"], "project": "name", "commit": "d1a4c4", "file": "run_e.py", "func": "run_e", "tool": "run_e", "exception": {"name": "Exception", "message": "run_e exception"}}
{"timestamp": "2023-11-11T14:54:54.841411", "host": "NAZMI-PC", "run_id": "18a9f511-de92-440a-b47d-4173a32d823a", "args": ["test.py"], "project": "name", "commit": "d1a4c4", "file": "test.py", "func": "run_a", "tool": "run_a", "exception": false}
{"timestamp": "2023-11-11T14:54:54.941914", "host": "NAZMI-PC", "run_id": "18a9f511-de92-440a-b47d-4173a32d823a", "args": ["test.py"], "project": "name", "commit": "d1a4c4", "file": "run_b_file.py", "func": "run_b", "tool": "run_b", "exception": false}
{"timestamp": "2023-11-11T14:54:55.042398", "host": "NAZMI-PC", "run_id": "18a9f511-de92-440a-b47d-4173a32d823a", "args": ["test.py"], "project": "name", "commit": "d1a4c4", "file": "run_c.py", "func": "run_c", "tool": "create iccp endpoint", "exception": false}
{"timestamp": "2023-11-11T14:54:55.142776", "host": "NAZMI-PC", "run_id": "18a9f511-de92-440a-b47d-4173a32d823a", "args": ["test.py"], "project": "name", "commit": "d1a4c4", "file": "run_d.py", "func": "run_d", "tool": "run_d", "exception": false}
{"timestamp": "2023-11-11T14:54:55.243150", "host": "NAZMI-PC", "run_id": "18a9f511-de92-440a-b47d-4173a32d823a", "args": ["test.py"], "project": "name", "commit": "d1a4c4", "file": "run_e.py", "func": "run_e", "tool": "run_e", "exception": {"name": "Exception", "message": "run_e exception"}}
{"timestamp": "2023-11-11T14:54:55.473197", "host": "NAZMI-PC", "run_id": "541835cc-2e59-40bc-bdaf-5b96e855d663", "args": ["test.py"], "project": "name", "commit": "d1a4c4", "file": "test.py", "func": "run_a", "tool": "run_a", "exception": false}
{"timestamp": "2023-11-11T14:54:55.573911", "host": "NAZMI-PC", "run_id": "541835cc-2e59-40bc-bdaf-5b96e855d663", "args": ["test.py"], "project": "name", "commit": "d1a4c4", "file": "run_b_file.py", "func": "run_b", "tool": "run_b", "exception": false}
{"timestamp": "2023-11-11T14:54:55.674226", "host": "NAZMI-PC", "run_id": "541835cc-2e59-40bc-bdaf-5b96e855d663", "args": ["test.py"], "project": "name", "commit": "d1a4c4", "file": "run_c.py", "func": "run_c", "tool": "create iccp endpoint", "exception": false}
{"timestamp": "2023-11-11T14:54:55.774529", "host": "NAZMI-PC", "run_id": "541835cc-2e59-40bc-bdaf-5b96e855d663", "args": ["test.py"], "project": "name", "commit": "d1a4c4", "file": "run_d.py", "func": "run_d", "tool": "run_d", "exception": false}
{"timestamp": "2023-11-11T14:54:55.874913", "host": "NAZMI-PC", "run_id": "541835cc-2e59-40bc-bdaf-5b96e855d663", "args": ["test.py"], "project": "name", "commit": "d1a4c4", "file": "run_e.py", "func": "run_e", "tool": "run_e", "exception": {"name": "Exception", "message": "run_e exception"}}
{"timestamp": "2023-11-11T14:54:56.087305", "host": "NAZMI-PC", "run_id": "432d52fe-aaed-48b0-8731-9bcea55ec129", "args": ["test.py"], "project": "name", "commit": "d1a4c4", "file": "test.py", "func": "run_a", "tool": "run_a", "exception": false}
{"timestamp": "2023-11-11T14:54:56.187918", "host": "NAZMI-PC", "run_id": "432d52fe-aaed-48b0-8731-9bcea55ec129", "args": ["test.py"], "project": "name", "commit": "d1a4c4", "file": "run_b_file.py", "func": "run_b", "tool": "run_b", "exception": false}
{"timestamp": "2023-11-11T14:54:56.288367", "host": "NAZMI-PC", "run_id": "432d52fe-aaed-48b0-8731-9bcea55ec129", "args": ["test.py"], "project": "name", "commit": "d1a4c4", "file": "run_c.py", "func": "run_c", "tool": "create iccp endpoint", "exception": false}
{"timestamp": "2023-11-11T14:54:56.389061", "host": "NAZMI-PC", "run_id": "432d52fe-aaed-48b0-8731-9bcea55ec129", "args": ["test.py"], "project": "name", "commit": "d1a4c4", "file": "run_d.py", "func": "run_d", "tool": "run_d", "exception": false}
{"timestamp": "2023-11-11T14:54:56.489764", "host": "NAZMI-PC", "run_id": "432d52fe-aaed-48b0-8731-9bcea55ec129", "args": ["test.py"], "project": "name", "commit": "d1a4c4", "file": "run_e.py", "func": "run_e", "tool": "run_e", "exception": {"name": "Exception", "message": "run_e exception"}}
{"timestamp": "2023-11-11T14:54:56.713824", "host": "NAZMI-PC", "run_id": "ae0aa834-f548-4b08-aaab-ea35898c75bf", "args": ["test.py"], "project": "name", "commit": "d1a4c4", "file": "test.py", "func": "run_a", "tool": "run_a", "exception": false}
{"timestamp": "2023-11-11T14:54:56.814455", "host": "NAZMI-PC", "run_id": "ae0aa834-f548-4b08-aaab-ea35898c75bf", "args": ["test.py"], "project": "name", "commit": "d1a4c4", "file": "run_b_file.py", "func": "run_b", "tool": "run_b", "exception": false}
{"timestamp": "2023-11-11T14:54:56.914979", "host": "NAZMI-PC", "run_id": "ae0aa834-f548-4b08-aaab-ea35898c75bf", "args": ["test.py"], "project": "name", "commit": "d1a4c4", "file": "run_c.py", "func": "run_c", "tool": "create iccp endpoint", "exception": false}
{"timestamp": "2023-11-11T14:54:57.015598", "host": "NAZMI-PC", "run_id": "ae0aa834-f548-4b08-aaab-ea35898c75bf", "args": ["test.py"], "project": "name", "commit": "d1a4c4", "file": "run_d.py", "func": "run_d", "tool": "run_d", "exception": false}
{"timestamp": "2023-11-11T14:54:57.116376", "host": "NAZMI-PC", "run_id": "ae0aa834-f548-4b08-aaab-ea35898c75bf", "args": ["test.py"], "project": "name", "commit": "d1a4c4", "file": "run_e.py", "func": "run_e", "tool": "run_e", "exception": {"name": "Exception", "message": "run_e exception"}}
{"timestamp": "2023-11-11T14:54:57.323662", "host": "NAZMI-PC", "run_id": "a53197ae-3f9d-4d0e-a3dd-760c43826cf4", "args": ["test.py"], "project": "name", "commit": "d1a4c4", "file": "test.py", "func": "run_a", "tool": "run_a", "exception": false}
{"timestamp": "2023-11-11T14:54:57.424342", "host": "NAZMI-PC", "run_id": "a53197ae-3f9d-4d0e-a3dd-760c43826cf4", "args": ["test.py"], "project": "name", "commit": "d1a4c4", "file": "run_b_file.py", "func": "run_b", "tool": "run_b", "exception": false}
{"timestamp": "2023-11-11T14:54:57.524874", "host": "NAZMI-PC", "run_id": "a53197ae-3f9d-4d0e-a3dd-760c43826cf4", "args": ["test.py"], "project": "name", "commit": "d1a4c4", "file": "run_c.py", "func": "run_c", "tool": "create iccp endpoint", "exception": false}
{"timestamp": "2023-11-11T14:54:57.625404", "host": "NAZMI-PC", "run_id": "a53197ae-3f9d-4d0e-a3dd-760c43826cf4", "args": ["test.py"], "project": "name", "commit": "d1a4c4", "file": "run_d.py", "func": "run_d", "tool": "run_d", "exception": false}
{"timestamp": "2023-11-11T14:54:57.726107", "host": "NAZMI-PC", "run_id": "a53197ae-3f9d-4d0e-a3dd-760c43826cf4", "args": ["test.py"], "project": "name", "commit": "d1a4c4", "file": "run_e.py", "func": "run_e", "tool": "run_e", "exception": {"name": "Exception", "message": "run_e exception"}}
{"timestamp": "2023-11-11T14:54:57.947882", "host": "NAZMI-PC", "run_id": "7e5729dd-aedf-4fa7-8587-8e9d39f560f2", "args": ["test.py"], "project": "name", "commit": "d1a4c4", "file": "test.py", "func": "run_a", "tool": "run_a", "exception": false}
{"timestamp": "2023-11-11T14:54:58.048636", "host": "NAZMI-PC", "run_id": "7e5729dd-aedf-4fa7-8587-8e9d39f560f2", "args": ["test.py"], "project": "name", "commit": "d1a4c4", "file": "run_b_file.py", "func": "run_b", "tool": "run_b", "exception": false}
{"timestamp": "2023-11-11T14:54:58.149180", "host": "NAZMI-PC", "run_id": "7e5729dd-aedf-4fa7-8587-8e9d39f560f2", "args": ["test.py"], "project": "name", "commit": "d1a4c4", "file": "run_c.py", "func": "run_c", "tool": "create iccp endpoint", "exception": false}
{"timestamp": "2023-11-11T14:54:58.249707", "host": "NAZMI-PC", "run_id": "7e5729dd-aedf-4fa7-8587-8e9d39f560f2", "args": ["test.py"], "project": "name", "commit": "d1a4c4", "file": "run_d.py", "func": "run_d", "tool": "run_d", "exception": false}
{"timestamp": "2023-11-11T14:54:58.350250", "host": "NAZMI-PC", "run_id": "7e5729dd-aedf-4fa7-8587-8e9d39f560f2", "args": ["test.py"], "project": "name", "commit": "d1a4c4", "file": "run_e.py", "func": "run_e", "tool": "run_e", "exception": {"name": "Exception", "message": "run_e exception"}}
{"timestamp": "2023-11-11T14:54:58.579305", "host": "NAZMI-PC", "run_id": "027d8f02-ee5a-4906-b57d-8c9b105c847c", "args": ["test.py"], "project": "name", "commit": "d1a4c4", "file": "test.py", "func": "run_a", "tool": "run_a", "exception": false}
{"timestamp": "2023-11-11T14:54:58.679835", "host": "NAZMI-PC", "run_id": "027d8f02-ee5a-4906-b57d-8c9b105c847c", "args": ["test.py"], "project": "name", "commit": "d1a4c4", "file": "run_b_file.py", "func": "run_b", "tool": "run_b", "exception": false}
{"timestamp": "2023-11-11T14:54:58.780548", "host": "NAZMI-PC", "run_id": "027d8f02-ee5a-4906-b57d-8c9b105c847c", "args": ["test.py"], "project": "name", "commit": "d1a4c4", "file": "run_c.py", "func": "run_c", "tool": "create iccp endpoint", "exception": false}
{"timestamp": "2023-11-11T14:54:58.881074", "host": "NAZMI-PC", "run_id": "027d8f02-ee5a-4906-b57d-8c9b105c847c", "args": ["test.py"], "project": "name", "commit": "d1a4c4", "file": "run_d.py", "func": "run_d", "tool": "run_d", "exception": false}
{"timestamp": "2023-11-11T14:54:58.981724", "host": "NAZMI-PC", "run_id": "027d8f02-ee5a-4906-b57d-8c9b105c847c", "args": ["test.py"], "project": "name", "commit": "d1a4c4", "file": "run_e.py", "func": "run_e", "tool": "run_e", "exception": {"name": "Exception", "message": "run_e exception"}}
{"timestamp": "2023-11-11T14:54:59.209552", "host": "NAZMI-PC", "run_id": "a791045d-d8cf-42df-a4a6-812fcdfc257c", "args": ["test.py"], "project": "name", "commit": "d1a4c4", "file": "test.py", "func": "run_a", "tool": "run_a", "exception": false}
{"timestamp": "2023-11-11T14:54:59.310274", "host": "NAZMI-PC", "run_id": "a791045d-d8cf-42df-a4a6-812fcdfc257c", "args": ["test.py"], "project": "name", "commit": "d1a4c4", "file": "run_b_file.py", "func": "run_b", "tool": "run_b", "exception": false}
{"timestamp": "2023-11-11T14:54:59.410811", "host": "NAZMI-PC", "run_id": "a791045d-d8cf-42df-a4a6-812fcdfc257c", "args": ["test.py"], "project": "name", "commit": "d1a4c4", "file": "run_c.py", "func": "run_c", "tool": "create iccp endpoint", "exception": false}
{"timestamp": "2023-11-11T14:54:59.511340", "host": "NAZMI-PC", "run_id": "a791045d-d8cf-42df-a4a6-812fcdfc257c", "args": ["test.py"], "project": "name", "commit": "d1a4c4", "file": "run_d.py", "func": "run_d", "tool": "run_d", "exception": false}
{"timestamp": "2023-11-11T14:54:59.611636", "host": "NAZMI-PC", "run_id": "a791045d-d8cf-42df-a4a6-812fcdfc257c", "args": ["test.py"], "project": "name", "commit": "d1a4c4", "file": "run_e.py", "func": "run_e", "tool": "run_e", "exception": {"name": "Exception", "message": "run_e exception"}}
{"timestamp": "2023-11-11T14:54:59.837908", "host": "NAZMI-PC", "run_id": "48df16eb-dafc-43f4-8bec-38b4b024d31d", "args": ["test.py"], "project": "name", "commit": "d1a4c4", "file": "test.py", "func": "run_a", "tool": "run_a", "exception": false}
{"timestamp": "2023-11-11T14:54:59.938432", "host": "NAZMI-PC", "run_id": "48df16eb-dafc-43f4-8bec-38b4b024d31d", "args": ["test.py"], "project": "name", "commit": "d1a4c4", "file": "run_b_file.py", "func": "run_b", "tool": "run_b", "exception": false}
{"timestamp": "2023-11-11T14:55:00.039148", "host": "NAZMI-PC", "run_id": "48df16eb-dafc-43f4-8bec-38b4b024d31d", "args": ["test.py"], "project": "name", "commit": "d1a4c4", "file": "run_c.py", "func": "run_c", "tool": "create iccp endpoint", "exception": false}
{"timestamp": "2023-11-11T14:55:00.139682", "host": "NAZMI-PC", "run_id": "48df16eb-dafc-43f4-8bec-38b4b024d31d", "args": ["test.py"], "project": "name", "commit": "d1a4c4", "file": "run_d.py", "func": "run_d", "tool": "run_d", "exception": false}
{"timestamp": "2023-11-11T14:55:00.240205", "host": "NAZMI-PC", "run_id": "48df16eb-dafc-43f4-8bec-38b4b024d31d", "args": ["test.py"], "project": "name", "commit": "d1a4c4", "file": "run_e.py", "func": "run_e", "tool": "run_e", "exception": {"name": "Exception", "message": "run_e exception"}}
{"timestamp": "2023-11-11T14:55:00.459500", "host": "NAZMI-PC", "run_id": "b570e6d0-b500-4096-9ae8-8a4fcd28d539", "args": ["test.py"], "project": "name", "commit": "d1a4c4", "file": "test.py", "func": "run_a", "tool": "run_a", "exception": false}
{"timestamp": "2023-11-11T14:55:00.560239", "host": "NAZMI-PC", "run_id": "b570e6d0-b500-4096-9ae8-8a4fcd28d539", "args": ["test.py"], "project": "name", "commit": "d1a4c4", "file": "run_b_file.py", "func": "run_b", "tool": "run_b", "exception": false}
{"timestamp": "2023-11-11T14:55:00.660956", "host": "NAZMI-PC", "run_id": "b570e6d0-b500-4096-9ae8-8a4fcd28d539", "args": ["test.py"], "project": "name", "commit": "d1a4c4", "file": "run_c.py", "func": "run_c", "tool": "create iccp endpoint", "exception": false}
{"timestamp": "2023-11-11T14:55:00.761491", "host": "NAZMI-PC", "run_id": "b570e6d0-b500-4096-9ae8-8a4fcd28d539", "args": ["test.py"], "project": "name", "commit": "d1a4c4", "file": "run_d.py", "func": "run_d", "tool": "run_d", "exception": false}
{"timestamp": "2023-11-11T14:55:00.862015", "host": "NAZMI-PC", "run_id": "b570e6d0-b500-4096-9ae8-8a4fcd28d539", "args": ["test.py"], "project": "name", "commit": "d1a4c4", "file": "run_e.py", "func": "run_e", "tool": "run_e", "exception": {"name": "Exception", "message": "run_e exception"}}
{"timestamp": "2023-11-11T14:55:01.070831", "host": "NAZMI-PC", "run_id": "cf137cd5-9316-4490-b908-312fa135d1b8", "args": ["test.py"], "project": "name", "commit": "d1a4c4", "file": "test.py", "func": "run_a", "tool": "run_a", "exception": false}
{"timestamp": "2023-11-11T14:55:01.171188", "host": "NAZMI-PC", "run_id": "cf137cd5-9316-4490-b908-312fa135d1b8", "args": ["test.py"], "project": "name", "commit": "d1a4c4", "file": "run_b_file.py", "func": "run_b", "tool": "run_b", "exception": false}
{"timestamp": "2023-11-11T14:55:01.271899", "host": "NAZMI-PC", "run_id": "cf137cd5-9316-4490-b908-312fa135d1b8", "args": ["test.py"], "project": "name", "commit": "d1a4c4", "file": "run_c.py", "func": "run_c", "tool": "create iccp endpoint", "exception": false}
{"timestamp": "2023-11-11T14:55:01.372420", "host": "NAZMI-PC", "run_id": "cf137cd5-9316-4490-b908-312fa135d1b8", "args": ["test.py"], "project": "name", "commit": "d1a4c4", "file": "run_d.py", "func": "run_d", "tool": "run_d", "exception": false}
{"timestamp": "2023-11-11T14:55:01.472951", "host": "NAZMI-PC", "run_id": "cf137cd5-9316-4490-b908-312fa135d1b8", "args": ["test.py"], "project": "name", "commit": "d1a4c4", "file": "run_e.py", "func": "run_e", "tool": "run_e", "exception": {"name": "Exception", "message": "run_e exception"}}
{"timestamp": "2023-11-11T14:55:01.690001", "host": "NAZMI-PC", "run_id": "b9bf0341-8450-4d67-9da2-0180aae5e412", "args": ["test.py"], "project": "name", "commit": "d1a4c4", "file": "test.py", "func": "run_a", "tool": "run_a", "exception": false}
{"timestamp": "2023-11-11T14:55:01.790518", "host": "NAZMI-PC", "run_id": "b9bf0341-8450-4d67-9da2-0180aae5e412", "args": ["test.py"], "project": "name", "commit": "d1a4c4", "file": "run_b_file.py", "func": "run_b", "tool": "run_b", "exception": false}
{"timestamp": "2023-11-11T14:55:01.891193", "host": "NAZMI-PC", "run_id": "b9bf0341-8450-4d67-9da2-0180aae5e412", "args": ["test.py"], "project": "name", "commit": "d1a4c4", "file": "run_c.py", "func": "run_c", "tool": "create iccp endpoint", "exception": false}
{"timestamp": "2023-11-11T14:55:01.991903", "host": "NAZMI-PC", "run_id": "b9bf0341-8450-4d67-9da2-0180aae5e412", "args": ["test.py"], "project": "name", "commit": "d1a4c4", "file": "run_d.py", "func": "run_d", "tool": "run_d", "exception": false}
{"timestamp": "2023-11-11T14:55:02.092751", "host": "NAZMI-PC", "run_id": "b9bf0341-8450-4d67-9da2-0180aae5e412", "args": ["test.py"], "project": "name", "commit": "d1a4c4", "file": "run_e.py", "func": "run_e", "tool": "run_e", "exception": {"name": "Exception", "message": "run_e exception"}}
{"timestamp": "2023-11-11T14:55:02.303792", "host": "NAZMI-PC", "run_id": "50468e4c-bd5f-417b-b82a-39162217ba11", "args": ["test.py"], "project": "name", "commit": "d1a4c4", "file": "test.py", "func": "run_a", "tool": "run_a", "exception": false}
{"timestamp": "2023-11-11T14:55:02.404493", "host": "NAZMI-PC", "run_id": "50468e4c-bd5f-417b-b82a-39162217ba11", "args": ["test.py"], "project": "name", "commit": "d1a4c4", "file": "run_b_file.py", "func": "run_b", "tool": "run_b", "exception": false}
{"timestamp": "2023-11-11T14:55:02.505032", "host": "NAZMI-PC", "run_id": "50468e4c-bd5f-417b-b82a-39162217ba11", "args": ["test.py"], "project": "name", "commit": "d1a4c4", "file": "run_c.py", "func": "run_c", "tool": "create iccp endpoint", "exception": false}
{"timestamp": "2023-11-11T14:55:02.605553", "host": "NAZMI-PC", "run_id": "50468e4c-bd5f-417b-b82a-39162217ba11", "args": ["test.py"], "project": "name", "commit": "d1a4c4", "file": "run_d.py", "func": "run_d", "tool": "run_d", "exception": false}
{"timestamp": "2023-11-11T14:55:02.706142", "host": "NAZMI-PC", "run_id": "50468e4c-bd5f-417b-b82a-39162217ba11", "args": ["test.py"], "project": "name", "commit": "d1a4c4", "file": "run_e.py", "func": "run_e", "tool": "run_e", "exception": {"name": "Exception", "message": "run_e exception"}}
{"timestamp": "2023-11-11T14:55:02.917072", "host": "NAZMI-PC", "run_id": "2d64b34c-b879-48e3-8218-9be1ed89627c", "args": ["test.py"], "project": "name", "commit": "d1a4c4", "file": "test.py", "func": "run_a", "tool": "run_a", "exception": false}
{"timestamp": "2023-11-11T14:55:03.017599", "host": "NAZMI-PC", "run_id": "2d64b34c-b879-48e3-8218-9be1ed89627c", "args": ["test.py"], "project": "name", "commit": "d1a4c4", "file": "run_b_file.py", "func": "run_b", "tool": "run_b", "exception": false}
{"timestamp": "2023-11-11T14:55:03.118130", "host": "NAZMI-PC", "run_id": "2d64b34c-b879-48e3-8218-9be1ed89627c", "args": ["test.py"], "project": "name", "commit": "d1a4c4", "file": "run_c.py", "func": "run_c", "tool": "create iccp endpoint", "exception": false}
{"timestamp": "2023-11-11T14:55:03.218656", "host": "NAZMI-PC", "run_id": "2d64b34c-b879-48e3-8218-9be1ed89627c", "args": ["test.py"], "project": "name", "commit": "d1a4c4", "file": "run_d.py", "func": "run_d", "tool": "run_d", "exception": false}
{"timestamp": "2023-11-11T14:55:03.319281", "host": "NAZMI-PC", "run_id": "2d64b34c-b879-48e3-8218-9be1ed89627c", "args": ["test.py"], "project": "name", "commit": "d1a4c4", "file": "run_e.py", "func": "run_e", "tool": "run_e", "exception": {"name": "Exception", "message": "run_e exception"}}
{"timestamp": "2023-11-11T14:55:03.562225", "host": "NAZMI-PC", "run_id": "7b55a018-629b-4cf1-88f3-c3618a758c7a", "args": ["test.py"], "project": "name", "commit": "d1a4c4", "file": "test.py", "func": "run_a", "tool": "run_a", "exception": false}
{"timestamp": "2023-11-11T14:55:03.662753", "host": "NAZMI-PC", "run_id": "7b55a018-629b-4cf1-88f3-c3618a758c7a", "args": ["test.py"], "project": "name", "commit": "d1a4c4", "file": "run_b_file.py", "func": "run_b", "tool": "run_b", "exception": false}
{"timestamp": "2023-11-11T14:55:03.763292", "host": "NAZMI-PC", "run_id": "7b55a018-629b-4cf1-88f3-c3618a758c7a", "args": ["test.py"], "project": "name", "commit": "d1a4c4", "file": "run_c.py", "func": "run_c", "tool": "create iccp endpoint", "exception": false}
{"timestamp": "2023-11-11T14:55:03.863578", "host": "NAZMI-PC", "run_id": "7b55a018-629b-4cf1-88f3-c3618a758c7a", "args": ["test.py"], "project": "name", "commit": "d1a4c4", "file": "run_d.py", "func": "run_d", "tool": "run_d", "exception": false}
{"timestamp": "2023-11-11T14:55:03.963953", "host": "NAZMI-PC", "run_id": "7b55a018-629b-4cf1-88f3-c3618a758c7a", "args": ["test.py"], "project": "name", "commit": "d1a4c4", "file": "run_e.py", "func": "run_e", "tool": "run_e", "exception": {"name": "Exception", "message": "run_e exception"}}
{"timestamp": "2023-11-11T14:55:04.199128", "host": "NAZMI-PC", "run_id": "14a709ad-9692-4048-9a12-bf2652a15dce", "args": ["test.py"], "project": "name", "commit": "d1a4c4", "file": "test.py", "func": "run_a", "tool": "run_a", "exception": false}
{"timestamp": "2023-11-11T14:55:04.299653", "host": "NAZMI-PC", "run_id": "14a709ad-9692-4048-9a12-bf2652a15dce", "args": ["test.py"], "project": "name", "commit": "d1a4c4", "file": "run_b_file.py", "func": "run_b", "tool": "run_b", "exception": false}
{"timestamp": "2023-11-11T14:55:04.400396", "host": "NAZMI-PC", "run_id": "14a709ad-9692-4048-9a12-bf2652a15dce", "args": ["test.py"], "project": "name", "commit": "d1a4c4", "file": "run_c.py", "func": "run_c", "tool": "create iccp endpoint", "exception": false}
{"timestamp": "2023-11-11T14:55:04.500916", "host": "NAZMI-PC", "run_id": "14a709ad-9692-4048-9a12-bf2652a15dce", "args": ["test.py"], "project": "name", "commit": "d1a4c4", "file": "run_d.py", "func": "run_d", "tool": "run_d", "exception": false}
{"timestamp": "2023-11-11T14:55:04.601677", "host": "NAZMI-PC", "run_id": "14a709ad-9692-4048-9a12-bf2652a15dce", "args": ["test.py"], "project": "name", "commit": "d1a4c4", "file": "run_e.py", "func": "run_e", "tool": "run_e", "exception": {"name": "Exception", "message": "run_e exception"}}
{"timestamp": "2023-11-11T14:55:04.814717", "host": "NAZMI-PC", "run_id": "36071162-f1af-4230-bb3b-863c71a62f83", "args": ["test.py"], "project": "name", "commit": "d1a4c4", "file": "test.py", "func": "run_a", "tool": "run_a", "exception": false}
{"timestamp": "2023-11-11T14:55:04.915455", "host": "NAZMI-PC", "run_id": "36071162-f1af-4230-bb3b-863c71a62f83", "args": ["test.py"], "project": "name", "commit": "d1a4c4", "file": "run_b_file.py", "func": "run_b", "tool": "run_b", "exception": false}
{"timestamp": "2023-11-11T14:55:05.016197", "host": "NAZMI-PC", "run_id": "36071162-f1af-4230-bb3b-863c71a62f83", "args": ["test.py"], "project": "name", "commit": "d1a4c4", "file": "run_c.py", "func": "run_c", "tool": "create iccp endpoint", "exception": false}
{"timestamp": "2023-11-11T14:55:05.116957", "host": "NAZMI-PC", "run_id": "36071162-f1af-4230-bb3b-863c71a62f83", "args": ["test.py"], "project": "name", "commit": "d1a4c4", "file": "run_d.py", "func": "run_d", "tool": "run_d", "exception": false}
{"timestamp": "2023-11-11T14:55:05.217682", "host": "NAZMI-PC", "run_id": "36071162-f1af-4230-bb3b-863c71a62f83", "args": ["test.py"], "project": "name", "commit": "d1a4c4", "file": "run_e.py", "func": "run_e", "tool": "run_e", "exception": {"name": "Exception", "message": "run_e exception"}}
{"timestamp": "2023-11-11T14:55:05.447534", "host": "NAZMI-PC", "run_id": "112bb715-063e-4ee9-85b7-e3473f0bd4c5", "args": ["test.py"], "project": "name", "commit": "d1a4c4", "file": "test.py", "func": "run_a", "tool": "run_a", "exception": false}
{"timestamp": "2023-11-11T14:55:05.548205", "host": "NAZMI-PC", "run_id": "112bb715-063e-4ee9-85b7-e3473f0bd4c5", "args": ["test.py"], "project": "name", "commit": "d1a4c4", "file": "run_b_file.py", "func": "run_b", "tool": "run_b", "exception": false}
{"timestamp": "2023-11-11T14:55:05.648683", "host": "NAZMI-PC", "run_id": "112bb715-063e-4ee9-85b7-e3473f0bd4c5", "args": ["test.py"], "project": "name", "commit": "d1a4c4", "file": "run_c.py", "func": "run_c", "tool": "create iccp endpoint", "exception": false}
{"timestamp": "2023-11-11T14:55:05.749240", "host": "NAZMI-PC", "run_id": "112bb715-063e-4ee9-85b7-e3473f0bd4c5", "args": ["test.py"], "project": "name", "commit": "d1a4c4", "file": "run_d.py", "func": "run_d", "tool": "run_d", "exception": false}
{"timestamp": "2023-11-11T14:55:05.849779", "host": "NAZMI-PC", "run_id": "112bb715-063e-4ee9-85b7-e3473f0bd4c5", "args": ["test.py"], "project": "name", "commit": "d1a4c4", "file": "run_e.py", "func": "run_e", "tool": "run_e", "exception": {"name": "Exception", "message": "run_e exception"}}
{"timestamp": "2023-11-11T14:55:06.079430", "host": "NAZMI-PC", "run_id": "c67a5acc-fc70-4f64-84e2-684c907bee53", "args": ["test.py"], "project": "name", "commit": "d1a4c4", "file": "test.py", "func": "run_a", "tool": "run_a", "exception": false}
{"timestamp": "2023-11-11T14:55:06.180256", "host": "NAZMI-PC", "run_id": "c67a5acc-fc70-4f64-84e2-684c907bee53", "args": ["test.py"], "project": "name", "commit": "d1a4c4", "file": "run_b_file.py", "func": "run_b", "tool": "run_b", "exception": false}
{"timestamp": "2023-11-11T14:55:06.280777", "host": "NAZMI-PC", "run_id": "c67a5acc-fc70-4f64-84e2-684c907bee53", "args": ["test.py"], "project": "name", "commit": "d1a4c4", "file": "run_c.py", "func": "run_c", "tool": "create iccp endpoint", "exception": false}
{"timestamp": "2023-11-11T14:55:06.381309", "host": "NAZMI-PC", "run_id": "c67a5acc-fc70-4f64-84e2-684c907bee53", "args": ["test.py"], "project": "name", "commit": "d1a4c4", "file": "run_d.py", "func": "run_d", "tool": "run_d", "exception": false}
{"timestamp": "2023-11-11T14:55:06.481613", "host": "NAZMI-PC", "run_id": "c67a5acc-fc70-4f64-84e2-684c907bee53", "args": ["test.py"], "project": "name", "commit": "d1a4c4", "file": "run_e.py", "func": "run_e", "tool": "run_e", "exception": {"name": "Exception", "message": "run_e exception"}}
{"timestamp": "2023-11-11T14:55:06.713350", "host": "NAZMI-PC", "run_id": "452239da-efd8-46a0-9063-39fb4ff4c32d", "args": ["test.py"], "project": "name", "commit": "d1a4c4", "file": "test.py", "func": "run_a", "tool": "run_a", "exception": false}
{"timestamp": "2023-11-11T14:55:06.813738", "host": "NAZMI-PC", "run_id": "452239da-efd8-46a0-9063-39fb4ff4c32d", "args": ["test.py"], "project": "name", "commit": "d1a4c4", "file": "run_b_file.py", "func": "run_b", "tool": "run_b", "exception": false}
{"timestamp": "2023-11-11T14:55:06.914151", "host": "NAZMI-PC", "run_id": "452239da-efd8-46a0-9063-39fb4ff4c32d", "args": ["test.py"], "project": "name", "commit": "d1a4c4", "file": "run_c.py", "func": "run_c", "tool": "create iccp endpoint", "exception": false}
{"timestamp": "2023-11-11T14:55:07.014840", "host": "NAZMI-PC", "run_id": "452239da-efd8-46a0-9063-39fb4ff4c32d", "args": ["test.py"], "project": "name", "commit": "d1a4c4", "file": "run_d.py", "func": "run_d", "tool": "run_d", "exception": false}
{"timestamp": "2023-11-11T14:55:07.115368", "host": "NAZMI-PC", "run_id": "452239da-efd8-46a0-9063-39fb4ff4c32d", "args": ["test.py"], "project": "name", "commit": "d1a4c4", "file": "run_e.py", "func": "run_e", "tool": "run_e", "exception": {"name": "Exception", "message": "run_e exception"}}
{"timestamp": "2023-11-11T14:55:07.342837", "host": "NAZMI-PC", "run_id": "e7cd2a1f-a088-4874-aba3-953828c5b8eb", "args": ["test.py"], "project": "name", "commit": "d1a4c4", "file": "test.py", "func": "run_a", "tool": "run_a", "exception": false}
{"timestamp": "2023-11-11T14:55:07.443363", "host": "NAZMI-PC", "run_id": "e7cd2a1f-a088-4874-aba3-953828c5b8eb", "args": ["test.py"], "project": "name", "commit": "d1a4c4", "file": "run_b_file.py", "func": "run_b", "tool": "run_b", "exception": false}
{"timestamp": "2023-11-11T14:55:07.544129", "host": "NAZMI-PC", "run_id": "e7cd2a1f-a088-4874-aba3-953828c5b8eb", "args": ["test.py"], "project": "name", "commit": "d1a4c4", "file": "run_c.py", "func": "run_c", "tool": "create iccp endpoint", "exception": false}
{"timestamp": "2023-11-11T14:55:07.644695", "host": "NAZMI-PC", "run_id": "e7cd2a1f-a088-4874-aba3-953828c5b8eb", "args": ["test.py"], "project": "name", "commit": "d1a4c4", "file": "run_d.py", "func": "run_d", "tool": "run_d", "exception": false}
{"timestamp": "2023-11-11T14:55:07.745207", "host": "NAZMI-PC", "run_id": "e7cd2a1f-a088-4874-aba3-953828c5b8eb", "args": ["test.py"], "project": "name", "commit": "d1a4c4", "file": "run_e.py", "func": "run_e", "tool": "run_e", "exception": {"name": "Exception", "message": "run_e exception"}}
