{"timestamp": "2023-11-11T16:12:52.312415", "host": "NAZMI-PC", "run_id": "d6e3be31-b952-484b-9024-8ae882dc6c8b", "args": ["test.py"], "project": "new branch", "commit": "cad2344as", "file": "test.py", "func": "run_a", "tool": "run_a", "exception": false}
{"timestamp": "2023-11-11T16:12:52.412811", "host": "NAZMI-PC", "run_id": "d6e3be31-b952-484b-9024-8ae882dc6c8b", "args": ["test.py"], "project": "new branch", "commit": "cad2344as", "file": "run_b_file.py", "func": "run_b", "tool": "run_b", "exception": false}
{"timestamp": "2023-11-11T16:12:52.513295", "host": "NAZMI-PC", "run_id": "d6e3be31-b952-484b-9024-8ae882dc6c8b", "args": ["test.py"], "project": "new branch", "commit": "cad2344as", "file": "run_c.py", "func": "run_c", "tool": "create iccp endpoint", "exception": false}
{"timestamp": "2023-11-11T16:12:52.613668", "host": "NAZMI-PC", "run_id": "d6e3be31-b952-484b-9024-8ae882dc6c8b", "args": ["test.py"], "project": "new branch", "commit": "cad2344as", "file": "run_d.py", "func": "run_d", "tool": "run_d", "exception": false}
{"timestamp": "2023-11-11T16:12:52.714407", "host": "NAZMI-PC", "run_id": "d6e3be31-b952-484b-9024-8ae882dc6c8b", "args": ["test.py"], "project": "new branch", "commit": "cad2344as", "file": "run_e.py", "func": "run_e", "tool": "run_e", "exception": {"name": "Exception", "message": "run_e exception"}}
{"timestamp": "2023-11-11T16:12:57.143690", "host": "NAZMI-PC", "run_id": "e9465bca-45b8-42ac-9bcb-2f77bdc0bd4b", "args": ["test.py"], "project": "new branch", "commit": "cad2344as", "file": "test.py", "func": "run_a", "tool": "run_a", "exception": false}
{"timestamp": "2023-11-11T16:12:57.244233", "host": "NAZMI-PC", "run_id": "e9465bca-45b8-42ac-9bcb-2f77bdc0bd4b", "args": ["test.py"], "project": "new branch", "commit": "cad2344as", "file": "run_b_file.py", "func": "run_b", "tool": "run_b", "exception": false}
{"timestamp": "2023-11-11T16:12:57.344635", "host": "NAZMI-PC", "run_id": "e9465bca-45b8-42ac-9bcb-2f77bdc0bd4b", "args": ["test.py"], "project": "new branch", "commit": "cad2344as", "file": "run_c.py", "func": "run_c", "tool": "create iccp endpoint", "exception": false}
{"timestamp": "2023-11-11T16:12:57.444924", "host": "NAZMI-PC", "run_id": "e9465bca-45b8-42ac-9bcb-2f77bdc0bd4b", "args": ["test.py"], "project": "new branch", "commit": "cad2344as", "file": "run_d.py", "func": "run_d", "tool": "run_d", "exception": false}
{"timestamp": "2023-11-11T16:12:57.545519", "host": "NAZMI-PC", "run_id": "e9465bca-45b8-42ac-9bcb-2f77bdc0bd4b", "args": ["test.py"], "project": "new branch", "commit": "cad2344as", "file": "run_e.py", "func": "run_e", "tool": "run_e", "exception": {"name": "Exception", "message": "run_e exception"}}
{"timestamp": "2023-11-11T16:12:57.751361", "host": "NAZMI-PC", "run_id": "267f840e-eccd-4425-8eeb-909801a6e426", "args": ["test.py"], "project": "new branch", "commit": "cad2344as", "file": "test.py", "func": "run_a", "tool": "run_a", "exception": false}
{"timestamp": "2023-11-11T16:12:57.851839", "host": "NAZMI-PC", "run_id": "267f840e-eccd-4425-8eeb-909801a6e426", "args": ["test.py"], "project": "new branch", "commit": "cad2344as", "file": "run_b_file.py", "func": "run_b", "tool": "run_b", "exception": false}
{"timestamp": "2023-11-11T16:12:57.952103", "host": "NAZMI-PC", "run_id": "267f840e-eccd-4425-8eeb-909801a6e426", "args": ["test.py"], "project": "new branch", "commit": "cad2344as", "file": "run_c.py", "func": "run_c", "tool": "create iccp endpoint", "exception": false}
{"timestamp": "2023-11-11T16:12:58.052839", "host": "NAZMI-PC", "run_id": "267f840e-eccd-4425-8eeb-909801a6e426", "args": ["test.py"], "project": "new branch", "commit": "cad2344as", "file": "run_d.py", "func": "run_d", "tool": "run_d", "exception": false}
{"timestamp": "2023-11-11T16:12:58.153359", "host": "NAZMI-PC", "run_id": "267f840e-eccd-4425-8eeb-909801a6e426", "args": ["test.py"], "project": "new branch", "commit": "cad2344as", "file": "run_e.py", "func": "run_e", "tool": "run_e", "exception": {"name": "Exception", "message": "run_e exception"}}
{"timestamp": "2023-11-11T16:12:58.356229", "host": "NAZMI-PC", "run_id": "b058d5cd-591d-48b5-b290-94931dcd479c", "args": ["test.py"], "project": "new branch", "commit": "cad2344as", "file": "test.py", "func": "run_a", "tool": "run_a", "exception": false}
{"timestamp": "2023-11-11T16:12:58.456865", "host": "NAZMI-PC", "run_id": "b058d5cd-591d-48b5-b290-94931dcd479c", "args": ["test.py"], "project": "new branch", "commit": "cad2344as", "file": "run_b_file.py", "func": "run_b", "tool": "run_b", "exception": false}
{"timestamp": "2023-11-11T16:12:58.557615", "host": "NAZMI-PC", "run_id": "b058d5cd-591d-48b5-b290-94931dcd479c", "args": ["test.py"], "project": "new branch", "commit": "cad2344as", "file": "run_c.py", "func": "run_c", "tool": "create iccp endpoint", "exception": false}
{"timestamp": "2023-11-11T16:12:58.658221", "host": "NAZMI-PC", "run_id": "b058d5cd-591d-48b5-b290-94931dcd479c", "args": ["test.py"], "project": "new branch", "commit": "cad2344as", "file": "run_d.py", "func": "run_d", "tool": "run_d", "exception": false}
{"timestamp": "2023-11-11T16:12:58.758821", "host": "NAZMI-PC", "run_id": "b058d5cd-591d-48b5-b290-94931dcd479c", "args": ["test.py"], "project": "new branch", "commit": "cad2344as", "file": "run_e.py", "func": "run_e", "tool": "run_e", "exception": {"name": "Exception", "message": "run_e exception"}}
{"timestamp": "2023-11-11T16:12:58.968334", "host": "NAZMI-PC", "run_id": "65d0d6b3-d5fe-490f-8161-6e89f39c2bf1", "args": ["test.py"], "project": "new branch", "commit": "cad2344as", "file": "test.py", "func": "run_a", "tool": "run_a", "exception": false}
{"timestamp": "2023-11-11T16:12:59.068634", "host": "NAZMI-PC", "run_id": "65d0d6b3-d5fe-490f-8161-6e89f39c2bf1", "args": ["test.py"], "project": "new branch", "commit": "cad2344as", "file": "run_b_file.py", "func": "run_b", "tool": "run_b", "exception": false}
{"timestamp": "2023-11-11T16:12:59.168925", "host": "NAZMI-PC", "run_id": "65d0d6b3-d5fe-490f-8161-6e89f39c2bf1", "args": ["test.py"], "project": "new branch", "commit": "cad2344as", "file": "run_c.py", "func": "run_c", "tool": "create iccp endpoint", "exception": false}
{"timestamp": "2023-11-11T16:12:59.269173", "host": "NAZMI-PC", "run_id": "65d0d6b3-d5fe-490f-8161-6e89f39c2bf1", "args": ["test.py"], "project": "new branch", "commit": "cad2344as", "file": "run_d.py", "func": "run_d", "tool": "run_d", "exception": false}
{"timestamp": "2023-11-11T16:12:59.369471", "host": "NAZMI-PC", "run_id": "65d0d6b3-d5fe-490f-8161-6e89f39c2bf1", "args": ["test.py"], "project": "new branch", "commit": "cad2344as", "file": "run_e.py", "func": "run_e", "tool": "run_e", "exception": {"name": "Exception", "message": "run_e exception"}}
{"timestamp": "2023-11-11T16:12:59.573844", "host": "NAZMI-PC", "run_id": "aa3ed0eb-776c-4aa4-8d1d-df5e8df931c3", "args": ["test.py"], "project": "new branch", "commit": "cad2344as", "file": "test.py", "func": "run_a", "tool": "run_a", "exception": false}
{"timestamp": "2023-11-11T16:12:59.674221", "host": "NAZMI-PC", "run_id": "aa3ed0eb-776c-4aa4-8d1d-df5e8df931c3", "args": ["test.py"], "project": "new branch", "commit": "cad2344as", "file": "run_b_file.py", "func": "run_b", "tool": "run_b", "exception": false}
{"timestamp": "2023-11-11T16:12:59.774813", "host": "NAZMI-PC", "run_id": "aa3ed0eb-776c-4aa4-8d1d-df5e8df931c3", "args": ["test.py"], "project": "new branch", "commit": "cad2344as", "file": "run_c.py", "func": "run_c", "tool": "create iccp endpoint", "exception": false}
{"timestamp": "2023-11-11T16:12:59.875310", "host": "NAZMI-PC", "run_id": "aa3ed0eb-776c-4aa4-8d1d-df5e8df931c3", "args": ["test.py"], "project": "new branch", "commit": "cad2344as", "file": "run_d.py", "func": "run_d", "tool": "run_d", "exception": false}
{"timestamp": "2023-11-11T16:12:59.975633", "host": "NAZMI-PC", "run_id": "aa3ed0eb-776c-4aa4-8d1d-df5e8df931c3", "args": ["test.py"], "project": "new branch", "commit": "cad2344as", "file": "run_e.py", "func": "run_e", "tool": "run_e", "exception": {"name": "Exception", "message": "run_e exception"}}
{"timestamp": "2023-11-11T16:13:00.185319", "host": "NAZMI-PC", "run_id": "1b9834f8-b0bd-4823-a717-c84d21e317cf", "args": ["test.py"], "project": "new branch", "commit": "cad2344as", "file": "test.py", "func": "run_a", "tool": "run_a", "exception": false}
{"timestamp": "2023-11-11T16:13:00.285816", "host": "NAZMI-PC", "run_id": "1b9834f8-b0bd-4823-a717-c84d21e317cf", "args": ["test.py"], "project": "new branch", "commit": "cad2344as", "file": "run_b_file.py", "func": "run_b", "tool": "run_b", "exception": false}
{"timestamp": "2023-11-11T16:13:00.386469", "host": "NAZMI-PC", "run_id": "1b9834f8-b0bd-4823-a717-c84d21e317cf", "args": ["test.py"], "project": "new branch", "commit": "cad2344as", "file": "run_c.py", "func": "run_c", "tool": "create iccp endpoint", "exception": false}
{"timestamp": "2023-11-11T16:13:00.487060", "host": "NAZMI-PC", "run_id": "1b9834f8-b0bd-4823-a717-c84d21e317cf", "args": ["test.py"], "project": "new branch", "commit": "cad2344as", "file": "run_d.py", "func": "run_d", "tool": "run_d", "exception": false}
{"timestamp": "2023-11-11T16:13:00.587421", "host": "NAZMI-PC", "run_id": "1b9834f8-b0bd-4823-a717-c84d21e317cf", "args": ["test.py"], "project": "new branch", "commit": "cad2344as", "file": "run_e.py", "func": "run_e", "tool": "run_e", "exception": {"name": "Exception", "message": "run_e exception"}}
{"timestamp": "2023-11-11T16:13:00.792293", "host": "NAZMI-PC", "run_id": "83a3df89-00c5-4da2-b156-b55677fd7c0f", "args": ["test.py"], "project": "new branch", "commit": "cad2344as", "file": "test.py", "func": "run_a", "tool": "run_a", "exception": false}
{"timestamp": "2023-11-11T16:13:00.892586", "host": "NAZMI-PC", "run_id": "83a3df89-00c5-4da2-b156-b55677fd7c0f", "args": ["test.py"], "project": "new branch", "commit": "cad2344as", "file": "run_b_file.py", "func": "run_b", "tool": "run_b", "exception": false}
{"timestamp": "2023-11-11T16:13:00.993317", "host": "NAZMI-PC", "run_id": "83a3df89-00c5-4da2-b156-b55677fd7c0f", "args": ["test.py"], "project": "new branch", "commit": "cad2344as", "file": "run_c.py", "func": "run_c", "tool": "create iccp endpoint", "exception": false}
{"timestamp": "2023-11-11T16:13:01.093798", "host": "NAZMI-PC", "run_id": "83a3df89-00c5-4da2-b156-b55677fd7c0f", "args": ["test.py"], "project": "new branch", "commit": "cad2344as", "file": "run_d.py", "func": "run_d", "tool": "run_d", "exception": false}
{"timestamp": "2023-11-11T16:13:01.194305", "host": "NAZMI-PC", "run_id": "83a3df89-00c5-4da2-b156-b55677fd7c0f", "args": ["test.py"], "project": "new branch", "commit": "cad2344as", "file": "run_e.py", "func": "run_e", "tool": "run_e", "exception": {"name": "Exception", "message": "run_e exception"}}
{"timestamp": "2023-11-11T16:13:01.399272", "host": "NAZMI-PC", "run_id": "ab35d002-22c3-4cf5-bdd1-374b5b7d0877", "args": ["test.py"], "project": "new branch", "commit": "cad2344as", "file": "test.py", "func": "run_a", "tool": "run_a", "exception": false}
{"timestamp": "2023-11-11T16:13:01.499552", "host": "NAZMI-PC", "run_id": "ab35d002-22c3-4cf5-bdd1-374b5b7d0877", "args": ["test.py"], "project": "new branch", "commit": "cad2344as", "file": "run_b_file.py", "func": "run_b", "tool": "run_b", "exception": false}
{"timestamp": "2023-11-11T16:13:01.600305", "host": "NAZMI-PC", "run_id": "ab35d002-22c3-4cf5-bdd1-374b5b7d0877", "args": ["test.py"], "project": "new branch", "commit": "cad2344as", "file": "run_c.py", "func": "run_c", "tool": "create iccp endpoint", "exception": false}
{"timestamp": "2023-11-11T16:13:01.700648", "host": "NAZMI-PC", "run_id": "ab35d002-22c3-4cf5-bdd1-374b5b7d0877", "args": ["test.py"], "project": "new branch", "commit": "cad2344as", "file": "run_d.py", "func": "run_d", "tool": "run_d", "exception": false}
{"timestamp": "2023-11-11T16:13:01.801294", "host": "NAZMI-PC", "run_id": "ab35d002-22c3-4cf5-bdd1-374b5b7d0877", "args": ["test.py"], "project": "new branch", "commit": "cad2344as", "file": "run_e.py", "func": "run_e", "tool": "run_e", "exception": {"name": "Exception", "message": "run_e exception"}}
{"timestamp": "2023-11-11T16:13:02.006747", "host": "NAZMI-PC", "run_id": "b1015176-624b-470d-b7af-6829827ca51e", "args": ["test.py"], "project": "new branch", "commit": "cad2344as", "file": "test.py", "func": "run_a", "tool": "run_a", "exception": false}
{"timestamp": "2023-11-11T16:13:02.107100", "host": "NAZMI-PC", "run_id": "b1015176-624b-470d-b7af-6829827ca51e", "args": ["test.py"], "project": "new branch", "commit": "cad2344as", "file": "run_b_file.py", "func": "run_b", "tool": "run_b", "exception": false}
{"timestamp": "2023-11-11T16:13:02.207476", "host": "NAZMI-PC", "run_id": "b1015176-624b-470d-b7af-6829827ca51e", "args": ["test.py"], "project": "new branch", "commit": "cad2344as", "file": "run_c.py", "func": "run_c", "tool": "create iccp endpoint", "exception": false}
{"timestamp": "2023-11-11T16:13:02.307807", "host": "NAZMI-PC", "run_id": "b1015176-624b-470d-b7af-6829827ca51e", "args": ["test.py"], "project": "new branch", "commit": "cad2344as", "file": "run_d.py", "func": "run_d", "tool": "run_d", "exception": false}
{"timestamp": "2023-11-11T16:13:02.408289", "host": "NAZMI-PC", "run_id": "b1015176-624b-470d-b7af-6829827ca51e", "args": ["test.py"], "project": "new branch", "commit": "cad2344as", "file": "run_e.py", "func": "run_e", "tool": "run_e", "exception": {"name": "Exception", "message": "run_e exception"}}
{"timestamp": "2023-11-11T16:13:02.614936", "host": "NAZMI-PC", "run_id": "c9f151dc-c407-467e-af86-65c631fe23e7", "args": ["test.py"], "project": "new branch", "commit": "cad2344as", "file": "test.py", "func": "run_a", "tool": "run_a", "exception": false}
{"timestamp": "2023-11-11T16:13:02.715594", "host": "NAZMI-PC", "run_id": "c9f151dc-c407-467e-af86-65c631fe23e7", "args": ["test.py"], "project": "new branch", "commit": "cad2344as", "file": "run_b_file.py", "func": "run_b", "tool": "run_b", "exception": false}
{"timestamp": "2023-11-11T16:13:02.816405", "host": "NAZMI-PC", "run_id": "c9f151dc-c407-467e-af86-65c631fe23e7", "args": ["test.py"], "project": "new branch", "commit": "cad2344as", "file": "run_c.py", "func": "run_c", "tool": "create iccp endpoint", "exception": false}
{"timestamp": "2023-11-11T16:13:02.916806", "host": "NAZMI-PC", "run_id": "c9f151dc-c407-467e-af86-65c631fe23e7", "args": ["test.py"], "project": "new branch", "commit": "cad2344as", "file": "run_d.py", "func": "run_d", "tool": "run_d", "exception": false}
{"timestamp": "2023-11-11T16:13:03.017285", "host": "NAZMI-PC", "run_id": "c9f151dc-c407-467e-af86-65c631fe23e7", "args": ["test.py"], "project": "new branch", "commit": "cad2344as", "file": "run_e.py", "func": "run_e", "tool": "run_e", "exception": {"name": "Exception", "message": "run_e exception"}}
{"timestamp": "2023-11-11T16:13:03.221317", "host": "NAZMI-PC", "run_id": "3e61cb9b-ea7e-4ff7-bebe-019c4c456413", "args": ["test.py"], "project": "new branch", "commit": "cad2344as", "file": "test.py", "func": "run_a", "tool": "run_a", "exception": false}
{"timestamp": "2023-11-11T16:13:03.321793", "host": "NAZMI-PC", "run_id": "3e61cb9b-ea7e-4ff7-bebe-019c4c456413", "args": ["test.py"], "project": "new branch", "commit": "cad2344as", "file": "run_b_file.py", "func": "run_b", "tool": "run_b", "exception": false}
{"timestamp": "2023-11-11T16:13:03.422477", "host": "NAZMI-PC", "run_id": "3e61cb9b-ea7e-4ff7-bebe-019c4c456413", "args": ["test.py"], "project": "new branch", "commit": "cad2344as", "file": "run_c.py", "func": "run_c", "tool": "create iccp endpoint", "exception": false}
{"timestamp": "2023-11-11T16:13:03.522948", "host": "NAZMI-PC", "run_id": "3e61cb9b-ea7e-4ff7-bebe-019c4c456413", "args": ["test.py"], "project": "new branch", "commit": "cad2344as", "file": "run_d.py", "func": "run_d", "tool": "run_d", "exception": false}
{"timestamp": "2023-11-11T16:13:03.623276", "host": "NAZMI-PC", "run_id": "3e61cb9b-ea7e-4ff7-bebe-019c4c456413", "args": ["test.py"], "project": "new branch", "commit": "cad2344as", "file": "run_e.py", "func": "run_e", "tool": "run_e", "exception": {"name": "Exception", "message": "run_e exception"}}
{"timestamp": "2023-11-11T16:13:03.827015", "host": "NAZMI-PC", "run_id": "d0c56361-4239-4cf5-b6e9-3b747ac11c50", "args": ["test.py"], "project": "new branch", "commit": "cad2344as", "file": "test.py", "func": "run_a", "tool": "run_a", "exception": false}
{"timestamp": "2023-11-11T16:13:03.927473", "host": "NAZMI-PC", "run_id": "d0c56361-4239-4cf5-b6e9-3b747ac11c50", "args": ["test.py"], "project": "new branch", "commit": "cad2344as", "file": "run_b_file.py", "func": "run_b", "tool": "run_b", "exception": false}
{"timestamp": "2023-11-11T16:13:04.027919", "host": "NAZMI-PC", "run_id": "d0c56361-4239-4cf5-b6e9-3b747ac11c50", "args": ["test.py"], "project": "new branch", "commit": "cad2344as", "file": "run_c.py", "func": "run_c", "tool": "create iccp endpoint", "exception": false}
{"timestamp": "2023-11-11T16:13:04.128312", "host": "NAZMI-PC", "run_id": "d0c56361-4239-4cf5-b6e9-3b747ac11c50", "args": ["test.py"], "project": "new branch", "commit": "cad2344as", "file": "run_d.py", "func": "run_d", "tool": "run_d", "exception": false}
{"timestamp": "2023-11-11T16:13:04.228803", "host": "NAZMI-PC", "run_id": "d0c56361-4239-4cf5-b6e9-3b747ac11c50", "args": ["test.py"], "project": "new branch", "commit": "cad2344as", "file": "run_e.py", "func": "run_e", "tool": "run_e", "exception": {"name": "Exception", "message": "run_e exception"}}
{"timestamp": "2023-11-11T16:13:04.432166", "host": "NAZMI-PC", "run_id": "917b95b2-2241-4712-b3d1-42737b240552", "args": ["test.py"], "project": "new branch", "commit": "cad2344as", "file": "test.py", "func": "run_a", "tool": "run_a", "exception": false}
{"timestamp": "2023-11-11T16:13:04.532590", "host": "NAZMI-PC", "run_id": "917b95b2-2241-4712-b3d1-42737b240552", "args": ["test.py"], "project": "new branch", "commit": "cad2344as", "file": "run_b_file.py", "func": "run_b", "tool": "run_b", "exception": false}
{"timestamp": "2023-11-11T16:13:04.633268", "host": "NAZMI-PC", "run_id": "917b95b2-2241-4712-b3d1-42737b240552", "args": ["test.py"], "project": "new branch", "commit": "cad2344as", "file": "run_c.py", "func": "run_c", "tool": "create iccp endpoint", "exception": false}
{"timestamp": "2023-11-11T16:13:04.733756", "host": "NAZMI-PC", "run_id": "917b95b2-2241-4712-b3d1-42737b240552", "args": ["test.py"], "project": "new branch", "commit": "cad2344as", "file": "run_d.py", "func": "run_d", "tool": "run_d", "exception": false}
{"timestamp": "2023-11-11T16:13:04.834473", "host": "NAZMI-PC", "run_id": "917b95b2-2241-4712-b3d1-42737b240552", "args": ["test.py"], "project": "new branch", "commit": "cad2344as", "file": "run_e.py", "func": "run_e", "tool": "run_e", "exception": {"name": "Exception", "message": "run_e exception"}}
{"timestamp": "2023-11-11T16:13:05.043451", "host": "NAZMI-PC", "run_id": "25e23e97-725d-4545-b5c7-0ba9172e69cd", "args": ["test.py"], "project": "new branch", "commit": "cad2344as", "file": "test.py", "func": "run_a", "tool": "run_a", "exception": false}
{"timestamp": "2023-11-11T16:13:05.144019", "host": "NAZMI-PC", "run_id": "25e23e97-725d-4545-b5c7-0ba9172e69cd", "args": ["test.py"], "project": "new branch", "commit": "cad2344as", "file": "run_b_file.py", "func": "run_b", "tool": "run_b", "exception": false}
{"timestamp": "2023-11-11T16:13:05.244424", "host": "NAZMI-PC", "run_id": "25e23e97-725d-4545-b5c7-0ba9172e69cd", "args": ["test.py"], "project": "new branch", "commit": "cad2344as", "file": "run_c.py", "func": "run_c", "tool": "create iccp endpoint", "exception": false}
{"timestamp": "2023-11-11T16:13:05.344933", "host": "NAZMI-PC", "run_id": "25e23e97-725d-4545-b5c7-0ba9172e69cd", "args": ["test.py"], "project": "new branch", "commit": "cad2344as", "file": "run_d.py", "func": "run_d", "tool": "run_d", "exception": false}
{"timestamp": "2023-11-11T16:13:05.445601", "host": "NAZMI-PC", "run_id": "25e23e97-725d-4545-b5c7-0ba9172e69cd", "args": ["test.py"], "project": "new branch", "commit": "cad2344as", "file": "run_e.py", "func": "run_e", "tool": "run_e", "exception": {"name": "Exception", "message": "run_e exception"}}
{"timestamp": "2023-11-11T16:13:05.648083", "host": "NAZMI-PC", "run_id": "54291a5c-d6cf-40bb-b975-c81c974842d7", "args": ["test.py"], "project": "new branch", "commit": "cad2344as", "file": "test.py", "func": "run_a", "tool": "run_a", "exception": false}
{"timestamp": "2023-11-11T16:13:05.748843", "host": "NAZMI-PC", "run_id": "54291a5c-d6cf-40bb-b975-c81c974842d7", "args": ["test.py"], "project": "new branch", "commit": "cad2344as", "file": "run_b_file.py", "func": "run_b", "tool": "run_b", "exception": false}
{"timestamp": "2023-11-11T16:13:05.849139", "host": "NAZMI-PC", "run_id": "54291a5c-d6cf-40bb-b975-c81c974842d7", "args": ["test.py"], "project": "new branch", "commit": "cad2344as", "file": "run_c.py", "func": "run_c", "tool": "create iccp endpoint", "exception": false}
{"timestamp": "2023-11-11T16:13:05.949548", "host": "NAZMI-PC", "run_id": "54291a5c-d6cf-40bb-b975-c81c974842d7", "args": ["test.py"], "project": "new branch", "commit": "cad2344as", "file": "run_d.py", "func": "run_d", "tool": "run_d", "exception": false}
{"timestamp": "2023-11-11T16:13:06.049998", "host": "NAZMI-PC", "run_id": "54291a5c-d6cf-40bb-b975-c81c974842d7", "args": ["test.py"], "project": "new branch", "commit": "cad2344as", "file": "run_e.py", "func": "run_e", "tool": "run_e", "exception": {"name": "Exception", "message": "run_e exception"}}
{"timestamp": "2023-11-11T16:13:06.251305", "host": "NAZMI-PC", "run_id": "65ea37d5-3e0c-4586-a51c-c2af5bf6929e", "args": ["test.py"], "project": "new branch", "commit": "cad2344as", "file": "test.py", "func": "run_a", "tool": "run_a", "exception": false}
{"timestamp": "2023-11-11T16:13:06.352092", "host": "NAZMI-PC", "run_id": "65ea37d5-3e0c-4586-a51c-c2af5bf6929e", "args": ["test.py"], "project": "new branch", "commit": "cad2344as", "file": "run_b_file.py", "func": "run_b", "tool": "run_b", "exception": false}
{"timestamp": "2023-11-11T16:13:06.452670", "host": "NAZMI-PC", "run_id": "65ea37d5-3e0c-4586-a51c-c2af5bf6929e", "args": ["test.py"], "project": "new branch", "commit": "cad2344as", "file": "run_c.py", "func": "run_c", "tool": "create iccp endpoint", "exception": false}
{"timestamp": "2023-11-11T16:13:06.553086", "host": "NAZMI-PC", "run_id": "65ea37d5-3e0c-4586-a51c-c2af5bf6929e", "args": ["test.py"], "project": "new branch", "commit": "cad2344as", "file": "run_d.py", "func": "run_d", "tool": "run_d", "exception": false}
{"timestamp": "2023-11-11T16:13:06.653380", "host": "NAZMI-PC", "run_id": "65ea37d5-3e0c-4586-a51c-c2af5bf6929e", "args": ["test.py"], "project": "new branch", "commit": "cad2344as", "file": "run_e.py", "func": "run_e", "tool": "run_e", "exception": {"name": "Exception", "message": "run_e exception"}}
{"timestamp": "2023-11-11T16:13:06.857192", "host": "NAZMI-PC", "run_id": "5e2b55cc-99e6-451a-9480-a9b282ee518c", "args": ["test.py"], "project": "new branch", "commit": "cad2344as", "file": "test.py", "func": "run_a", "tool": "run_a", "exception": false}
{"timestamp": "2023-11-11T16:13:06.957915", "host": "NAZMI-PC", "run_id": "5e2b55cc-99e6-451a-9480-a9b282ee518c", "args": ["test.py"], "project": "new branch", "commit": "cad2344as", "file": "run_b_file.py", "func": "run_b", "tool": "run_b", "exception": false}
{"timestamp": "2023-11-11T16:13:07.058505", "host": "NAZMI-PC", "run_id": "5e2b55cc-99e6-451a-9480-a9b282ee518c", "args": ["test.py"], "project": "new branch", "commit": "cad2344as", "file": "run_c.py", "func": "run_c", "tool": "create iccp endpoint", "exception": false}
{"timestamp": "2023-11-11T16:13:07.159009", "host": "NAZMI-PC", "run_id": "5e2b55cc-99e6-451a-9480-a9b282ee518c", "args": ["test.py"], "project": "new branch", "commit": "cad2344as", "file": "run_d.py", "func": "run_d", "tool": "run_d", "exception": false}
{"timestamp": "2023-11-11T16:13:07.259864", "host": "NAZMI-PC", "run_id": "5e2b55cc-99e6-451a-9480-a9b282ee518c", "args": ["test.py"], "project": "new branch", "commit": "cad2344as", "file": "run_e.py", "func": "run_e", "tool": "run_e", "exception": {"name": "Exception", "message": "run_e exception"}}
{"timestamp": "2023-11-11T16:13:07.464234", "host": "NAZMI-PC", "run_id": "0089fd06-22ca-42af-a2cc-d3d811cd0fe4", "args": ["test.py"], "project": "new branch", "commit": "cad2344as", "file": "test.py", "func": "run_a", "tool": "run_a", "exception": false}
{"timestamp": "2023-11-11T16:13:07.564721", "host": "NAZMI-PC", "run_id": "0089fd06-22ca-42af-a2cc-d3d811cd0fe4", "args": ["test.py"], "project": "new branch", "commit": "cad2344as", "file": "run_b_file.py", "func": "run_b", "tool": "run_b", "exception": false}
{"timestamp": "2023-11-11T16:13:07.665365", "host": "NAZMI-PC", "run_id": "0089fd06-22ca-42af-a2cc-d3d811cd0fe4", "args": ["test.py"], "project": "new branch", "commit": "cad2344as", "file": "run_c.py", "func": "run_c", "tool": "create iccp endpoint", "exception": false}
{"timestamp": "2023-11-11T16:13:07.766136", "host": "NAZMI-PC", "run_id": "0089fd06-22ca-42af-a2cc-d3d811cd0fe4", "args": ["test.py"], "project": "new branch", "commit": "cad2344as", "file": "run_d.py", "func": "run_d", "tool": "run_d", "exception": false}
{"timestamp": "2023-11-11T16:13:07.866894", "host": "NAZMI-PC", "run_id": "0089fd06-22ca-42af-a2cc-d3d811cd0fe4", "args": ["test.py"], "project": "new branch", "commit": "cad2344as", "file": "run_e.py", "func": "run_e", "tool": "run_e", "exception": {"name": "Exception", "message": "run_e exception"}}
{"timestamp": "2023-11-11T16:13:08.068459", "host": "NAZMI-PC", "run_id": "d3573bd1-25b3-4e1d-a004-d6b108814117", "args": ["test.py"], "project": "new branch", "commit": "cad2344as", "file": "test.py", "func": "run_a", "tool": "run_a", "exception": false}
{"timestamp": "2023-11-11T16:13:08.168965", "host": "NAZMI-PC", "run_id": "d3573bd1-25b3-4e1d-a004-d6b108814117", "args": ["test.py"], "project": "new branch", "commit": "cad2344as", "file": "run_b_file.py", "func": "run_b", "tool": "run_b", "exception": false}
{"timestamp": "2023-11-11T16:13:08.269719", "host": "NAZMI-PC", "run_id": "d3573bd1-25b3-4e1d-a004-d6b108814117", "args": ["test.py"], "project": "new branch", "commit": "cad2344as", "file": "run_c.py", "func": "run_c", "tool": "create iccp endpoint", "exception": false}
{"timestamp": "2023-11-11T16:13:08.370309", "host": "NAZMI-PC", "run_id": "d3573bd1-25b3-4e1d-a004-d6b108814117", "args": ["test.py"], "project": "new branch", "commit": "cad2344as", "file": "run_d.py", "func": "run_d", "tool": "run_d", "exception": false}
{"timestamp": "2023-11-11T16:13:08.470753", "host": "NAZMI-PC", "run_id": "d3573bd1-25b3-4e1d-a004-d6b108814117", "args": ["test.py"], "project": "new branch", "commit": "cad2344as", "file": "run_e.py", "func": "run_e", "tool": "run_e", "exception": {"name": "Exception", "message": "run_e exception"}}
{"timestamp": "2023-11-11T16:13:08.671772", "host": "NAZMI-PC", "run_id": "cd26f8a3-54eb-4e73-9e89-c757e30662a3", "args": ["test.py"], "project": "new branch", "commit": "cad2344as", "file": "test.py", "func": "run_a", "tool": "run_a", "exception": false}
{"timestamp": "2023-11-11T16:13:08.772261", "host": "NAZMI-PC", "run_id": "cd26f8a3-54eb-4e73-9e89-c757e30662a3", "args": ["test.py"], "project": "new branch", "commit": "cad2344as", "file": "run_b_file.py", "func": "run_b", "tool": "run_b", "exception": false}
{"timestamp": "2023-11-11T16:13:08.872654", "host": "NAZMI-PC", "run_id": "cd26f8a3-54eb-4e73-9e89-c757e30662a3", "args": ["test.py"], "project": "new branch", "commit": "cad2344as", "file": "run_c.py", "func": "run_c", "tool": "create iccp endpoint", "exception": false}
{"timestamp": "2023-11-11T16:13:08.973122", "host": "NAZMI-PC", "run_id": "cd26f8a3-54eb-4e73-9e89-c757e30662a3", "args": ["test.py"], "project": "new branch", "commit": "cad2344as", "file": "run_d.py", "func": "run_d", "tool": "run_d", "exception": false}
{"timestamp": "2023-11-11T16:13:09.073773", "host": "NAZMI-PC", "run_id": "cd26f8a3-54eb-4e73-9e89-c757e30662a3", "args": ["test.py"], "project": "new branch", "commit": "cad2344as", "file": "run_e.py", "func": "run_e", "tool": "run_e", "exception": {"name": "Exception", "message": "run_e exception"}}
{"timestamp": "2023-11-11T16:13:09.278197", "host": "NAZMI-PC", "run_id": "034c93c3-b218-4f5e-a05f-edc30e523639", "args": ["test.py"], "project": "new branch", "commit": "cad2344as", "file": "test.py", "func": "run_a", "tool": "run_a", "exception": false}
{"timestamp": "2023-11-11T16:13:09.378893", "host": "NAZMI-PC", "run_id": "034c93c3-b218-4f5e-a05f-edc30e523639", "args": ["test.py"], "project": "new branch", "commit": "cad2344as", "file": "run_b_file.py", "func": "run_b", "tool": "run_b", "exception": false}
{"timestamp": "2023-11-11T16:13:09.479548", "host": "NAZMI-PC", "run_id": "034c93c3-b218-4f5e-a05f-edc30e523639", "args": ["test.py"], "project": "new branch", "commit": "cad2344as", "file": "run_c.py", "func": "run_c", "tool": "create iccp endpoint", "exception": false}
{"timestamp": "2023-11-11T16:13:09.580284", "host": "NAZMI-PC", "run_id": "034c93c3-b218-4f5e-a05f-edc30e523639", "args": ["test.py"], "project": "new branch", "commit": "cad2344as", "file": "run_d.py", "func": "run_d", "tool": "run_d", "exception": false}
{"timestamp": "2023-11-11T16:13:09.680579", "host": "NAZMI-PC", "run_id": "034c93c3-b218-4f5e-a05f-edc30e523639", "args": ["test.py"], "project": "new branch", "commit": "cad2344as", "file": "run_e.py", "func": "run_e", "tool": "run_e", "exception": {"name": "Exception", "message": "run_e exception"}}
{"timestamp": "2023-11-11T16:13:09.883736", "host": "NAZMI-PC", "run_id": "c53386bb-a144-4b53-9089-d4c978dc24c8", "args": ["test.py"], "project": "new branch", "commit": "cad2344as", "file": "test.py", "func": "run_a", "tool": "run_a", "exception": false}
{"timestamp": "2023-11-11T16:13:09.984194", "host": "NAZMI-PC", "run_id": "c53386bb-a144-4b53-9089-d4c978dc24c8", "args": ["test.py"], "project": "new branch", "commit": "cad2344as", "file": "run_b_file.py", "func": "run_b", "tool": "run_b", "exception": false}
{"timestamp": "2023-11-11T16:13:10.084851", "host": "NAZMI-PC", "run_id": "c53386bb-a144-4b53-9089-d4c978dc24c8", "args": ["test.py"], "project": "new branch", "commit": "cad2344as", "file": "run_c.py", "func": "run_c", "tool": "create iccp endpoint", "exception": false}
{"timestamp": "2023-11-11T16:13:10.185337", "host": "NAZMI-PC", "run_id": "c53386bb-a144-4b53-9089-d4c978dc24c8", "args": ["test.py"], "project": "new branch", "commit": "cad2344as", "file": "run_d.py", "func": "run_d", "tool": "run_d", "exception": false}
{"timestamp": "2023-11-11T16:13:10.285847", "host": "NAZMI-PC", "run_id": "c53386bb-a144-4b53-9089-d4c978dc24c8", "args": ["test.py"], "project": "new branch", "commit": "cad2344as", "file": "run_e.py", "func": "run_e", "tool": "run_e", "exception": {"name": "Exception", "message": "run_e exception"}}
{"timestamp": "2023-11-11T16:13:10.488538", "host": "NAZMI-PC", "run_id": "6554b0c5-a9a5-4cf9-9299-811555d8c072", "args": ["test.py"], "project": "new branch", "commit": "cad2344as", "file": "test.py", "func": "run_a", "tool": "run_a", "exception": false}
{"timestamp": "2023-11-11T16:13:10.589339", "host": "NAZMI-PC", "run_id": "6554b0c5-a9a5-4cf9-9299-811555d8c072", "args": ["test.py"], "project": "new branch", "commit": "cad2344as", "file": "run_b_file.py", "func": "run_b", "tool": "run_b", "exception": false}
{"timestamp": "2023-11-11T16:13:10.689855", "host": "NAZMI-PC", "run_id": "6554b0c5-a9a5-4cf9-9299-811555d8c072", "args": ["test.py"], "project": "new branch", "commit": "cad2344as", "file": "run_c.py", "func": "run_c", "tool": "create iccp endpoint", "exception": false}
{"timestamp": "2023-11-11T16:13:10.790521", "host": "NAZMI-PC", "run_id": "6554b0c5-a9a5-4cf9-9299-811555d8c072", "args": ["test.py"], "project": "new branch", "commit": "cad2344as", "file": "run_d.py", "func": "run_d", "tool": "run_d", "exception": false}
{"timestamp": "2023-11-11T16:13:10.891209", "host": "NAZMI-PC", "run_id": "6554b0c5-a9a5-4cf9-9299-811555d8c072", "args": ["test.py"], "project": "new branch", "commit": "cad2344as", "file": "run_e.py", "func": "run_e", "tool": "run_e", "exception": {"name": "Exception", "message": "run_e exception"}}
{"timestamp": "2023-11-11T16:13:11.102283", "host": "NAZMI-PC", "run_id": "039c0864-3f27-43b6-993d-331cbd54094a", "args": ["test.py"], "project": "new branch", "commit": "cad2344as", "file": "test.py", "func": "run_a", "tool": "run_a", "exception": false}
{"timestamp": "2023-11-11T16:13:11.202574", "host": "NAZMI-PC", "run_id": "039c0864-3f27-43b6-993d-331cbd54094a", "args": ["test.py"], "project": "new branch", "commit": "cad2344as", "file": "run_b_file.py", "func": "run_b", "tool": "run_b", "exception": false}
{"timestamp": "2023-11-11T16:13:11.303103", "host": "NAZMI-PC", "run_id": "039c0864-3f27-43b6-993d-331cbd54094a", "args": ["test.py"], "project": "new branch", "commit": "cad2344as", "file": "run_c.py", "func": "run_c", "tool": "create iccp endpoint", "exception": false}
{"timestamp": "2023-11-11T16:13:11.403514", "host": "NAZMI-PC", "run_id": "039c0864-3f27-43b6-993d-331cbd54094a", "args": ["test.py"], "project": "new branch", "commit": "cad2344as", "file": "run_d.py", "func": "run_d", "tool": "run_d", "exception": false}
{"timestamp": "2023-11-11T16:13:11.504202", "host": "NAZMI-PC", "run_id": "039c0864-3f27-43b6-993d-331cbd54094a", "args": ["test.py"], "project": "new branch", "commit": "cad2344as", "file": "run_e.py", "func": "run_e", "tool": "run_e", "exception": {"name": "Exception", "message": "run_e exception"}}
{"timestamp": "2023-11-11T16:13:11.714912", "host": "NAZMI-PC", "run_id": "881fe7c2-4d5b-4256-a9bb-af26fa1b742b", "args": ["test.py"], "project": "new branch", "commit": "cad2344as", "file": "test.py", "func": "run_a", "tool": "run_a", "exception": false}
{"timestamp": "2023-11-11T16:13:11.815303", "host": "NAZMI-PC", "run_id": "881fe7c2-4d5b-4256-a9bb-af26fa1b742b", "args": ["test.py"], "project": "new branch", "commit": "cad2344as", "file": "run_b_file.py", "func": "run_b", "tool": "run_b", "exception": false}
{"timestamp": "2023-11-11T16:13:11.916027", "host": "NAZMI-PC", "run_id": "881fe7c2-4d5b-4256-a9bb-af26fa1b742b", "args": ["test.py"], "project": "new branch", "commit": "cad2344as", "file": "run_c.py", "func": "run_c", "tool": "create iccp endpoint", "exception": false}
{"timestamp": "2023-11-11T16:13:12.016397", "host": "NAZMI-PC", "run_id": "881fe7c2-4d5b-4256-a9bb-af26fa1b742b", "args": ["test.py"], "project": "new branch", "commit": "cad2344as", "file": "run_d.py", "func": "run_d", "tool": "run_d", "exception": false}
{"timestamp": "2023-11-11T16:13:12.117050", "host": "NAZMI-PC", "run_id": "881fe7c2-4d5b-4256-a9bb-af26fa1b742b", "args": ["test.py"], "project": "new branch", "commit": "cad2344as", "file": "run_e.py", "func": "run_e", "tool": "run_e", "exception": {"name": "Exception", "message": "run_e exception"}}
{"timestamp": "2023-11-11T16:13:12.325063", "host": "NAZMI-PC", "run_id": "f770ef19-ee5e-4c50-a8e0-31d2ee26ed6d", "args": ["test.py"], "project": "new branch", "commit": "cad2344as", "file": "test.py", "func": "run_a", "tool": "run_a", "exception": false}
{"timestamp": "2023-11-11T16:13:12.425503", "host": "NAZMI-PC", "run_id": "f770ef19-ee5e-4c50-a8e0-31d2ee26ed6d", "args": ["test.py"], "project": "new branch", "commit": "cad2344as", "file": "run_b_file.py", "func": "run_b", "tool": "run_b", "exception": false}
{"timestamp": "2023-11-11T16:13:12.525863", "host": "NAZMI-PC", "run_id": "f770ef19-ee5e-4c50-a8e0-31d2ee26ed6d", "args": ["test.py"], "project": "new branch", "commit": "cad2344as", "file": "run_c.py", "func": "run_c", "tool": "create iccp endpoint", "exception": false}
{"timestamp": "2023-11-11T16:13:12.626203", "host": "NAZMI-PC", "run_id": "f770ef19-ee5e-4c50-a8e0-31d2ee26ed6d", "args": ["test.py"], "project": "new branch", "commit": "cad2344as", "file": "run_d.py", "func": "run_d", "tool": "run_d", "exception": false}
{"timestamp": "2023-11-11T16:13:12.726799", "host": "NAZMI-PC", "run_id": "f770ef19-ee5e-4c50-a8e0-31d2ee26ed6d", "args": ["test.py"], "project": "new branch", "commit": "cad2344as", "file": "run_e.py", "func": "run_e", "tool": "run_e", "exception": {"name": "Exception", "message": "run_e exception"}}
{"timestamp": "2023-11-11T16:13:12.936813", "host": "NAZMI-PC", "run_id": "b3f71d72-5953-483c-8f4f-64cfdf7c3a17", "args": ["test.py"], "project": "new branch", "commit": "cad2344as", "file": "test.py", "func": "run_a", "tool": "run_a", "exception": false}
{"timestamp": "2023-11-11T16:13:13.037331", "host": "NAZMI-PC", "run_id": "b3f71d72-5953-483c-8f4f-64cfdf7c3a17", "args": ["test.py"], "project": "new branch", "commit": "cad2344as", "file": "run_b_file.py", "func": "run_b", "tool": "run_b", "exception": false}
{"timestamp": "2023-11-11T16:13:13.138100", "host": "NAZMI-PC", "run_id": "b3f71d72-5953-483c-8f4f-64cfdf7c3a17", "args": ["test.py"], "project": "new branch", "commit": "cad2344as", "file": "run_c.py", "func": "run_c", "tool": "create iccp endpoint", "exception": false}
{"timestamp": "2023-11-11T16:13:13.238488", "host": "NAZMI-PC", "run_id": "b3f71d72-5953-483c-8f4f-64cfdf7c3a17", "args": ["test.py"], "project": "new branch", "commit": "cad2344as", "file": "run_d.py", "func": "run_d", "tool": "run_d", "exception": false}
{"timestamp": "2023-11-11T16:13:13.339031", "host": "NAZMI-PC", "run_id": "b3f71d72-5953-483c-8f4f-64cfdf7c3a17", "args": ["test.py"], "project": "new branch", "commit": "cad2344as", "file": "run_e.py", "func": "run_e", "tool": "run_e", "exception": {"name": "Exception", "message": "run_e exception"}}
{"timestamp": "2023-11-11T16:13:13.551661", "host": "NAZMI-PC", "run_id": "450dce95-60c0-4056-a9fa-2c42ab40d754", "args": ["test.py"], "project": "new branch", "commit": "cad2344as", "file": "test.py", "func": "run_a", "tool": "run_a", "exception": false}
{"timestamp": "2023-11-11T16:13:13.652003", "host": "NAZMI-PC", "run_id": "450dce95-60c0-4056-a9fa-2c42ab40d754", "args": ["test.py"], "project": "new branch", "commit": "cad2344as", "file": "run_b_file.py", "func": "run_b", "tool": "run_b", "exception": false}
{"timestamp": "2023-11-11T16:13:13.752677", "host": "NAZMI-PC", "run_id": "450dce95-60c0-4056-a9fa-2c42ab40d754", "args": ["test.py"], "project": "new branch", "commit": "cad2344as", "file": "run_c.py", "func": "run_c", "tool": "create iccp endpoint", "exception": false}
{"timestamp": "2023-11-11T16:13:13.853096", "host": "NAZMI-PC", "run_id": "450dce95-60c0-4056-a9fa-2c42ab40d754", "args": ["test.py"], "project": "new branch", "commit": "cad2344as", "file": "run_d.py", "func": "run_d", "tool": "run_d", "exception": false}
{"timestamp": "2023-11-11T16:13:13.953613", "host": "NAZMI-PC", "run_id": "450dce95-60c0-4056-a9fa-2c42ab40d754", "args": ["test.py"], "project": "new branch", "commit": "cad2344as", "file": "run_e.py", "func": "run_e", "tool": "run_e", "exception": {"name": "Exception", "message": "run_e exception"}}
{"timestamp": "2023-11-11T16:13:14.157026", "host": "NAZMI-PC", "run_id": "ae193fc3-a193-414e-87ce-8c3ba0b35c9a", "args": ["test.py"], "project": "new branch", "commit": "cad2344as", "file": "test.py", "func": "run_a", "tool": "run_a", "exception": false}
{"timestamp": "2023-11-11T16:13:14.257635", "host": "NAZMI-PC", "run_id": "ae193fc3-a193-414e-87ce-8c3ba0b35c9a", "args": ["test.py"], "project": "new branch", "commit": "cad2344as", "file": "run_b_file.py", "func": "run_b", "tool": "run_b", "exception": false}
{"timestamp": "2023-11-11T16:13:14.358022", "host": "NAZMI-PC", "run_id": "ae193fc3-a193-414e-87ce-8c3ba0b35c9a", "args": ["test.py"], "project": "new branch", "commit": "cad2344as", "file": "run_c.py", "func": "run_c", "tool": "create iccp endpoint", "exception": false}
{"timestamp": "2023-11-11T16:13:14.458294", "host": "NAZMI-PC", "run_id": "ae193fc3-a193-414e-87ce-8c3ba0b35c9a", "args": ["test.py"], "project": "new branch", "commit": "cad2344as", "file": "run_d.py", "func": "run_d", "tool": "run_d", "exception": false}
{"timestamp": "2023-11-11T16:13:14.558914", "host": "NAZMI-PC", "run_id": "ae193fc3-a193-414e-87ce-8c3ba0b35c9a", "args": ["test.py"], "project": "new branch", "commit": "cad2344as", "file": "run_e.py", "func": "run_e", "tool": "run_e", "exception": {"name": "Exception", "message": "run_e exception"}}
{"timestamp": "2023-11-11T16:13:14.763942", "host": "NAZMI-PC", "run_id": "9cead7a7-d3bb-4b63-9f40-6be86f0b3075", "args": ["test.py"], "project": "new branch", "commit": "cad2344as", "file": "test.py", "func": "run_a", "tool": "run_a", "exception": false}
{"timestamp": "2023-11-11T16:13:14.864519", "host": "NAZMI-PC", "run_id": "9cead7a7-d3bb-4b63-9f40-6be86f0b3075", "args": ["test.py"], "project": "new branch", "commit": "cad2344as", "file": "run_b_file.py", "func": "run_b", "tool": "run_b", "exception": false}
{"timestamp": "2023-11-11T16:13:14.964932", "host": "NAZMI-PC", "run_id": "9cead7a7-d3bb-4b63-9f40-6be86f0b3075", "args": ["test.py"], "project": "new branch", "commit": "cad2344as", "file": "run_c.py", "func": "run_c", "tool": "create iccp endpoint", "exception": false}
{"timestamp": "2023-11-11T16:13:15.065483", "host": "NAZMI-PC", "run_id": "9cead7a7-d3bb-4b63-9f40-6be86f0b3075", "args": ["test.py"], "project": "new branch", "commit": "cad2344as", "file": "run_d.py", "func": "run_d", "tool": "run_d", "exception": false}
{"timestamp": "2023-11-11T16:13:15.166053", "host": "NAZMI-PC", "run_id": "9cead7a7-d3bb-4b63-9f40-6be86f0b3075", "args": ["test.py"], "project": "new branch", "commit": "cad2344as", "file": "run_e.py", "func": "run_e", "tool": "run_e", "exception": {"name": "Exception", "message": "run_e exception"}}
{"timestamp": "2023-11-11T16:13:15.372529", "host": "NAZMI-PC", "run_id": "03aa394a-ed1d-461e-b315-60bed99a6bdf", "args": ["test.py"], "project": "new branch", "commit": "cad2344as", "file": "test.py", "func": "run_a", "tool": "run_a", "exception": false}
{"timestamp": "2023-11-11T16:13:15.472971", "host": "NAZMI-PC", "run_id": "03aa394a-ed1d-461e-b315-60bed99a6bdf", "args": ["test.py"], "project": "new branch", "commit": "cad2344as", "file": "run_b_file.py", "func": "run_b", "tool": "run_b", "exception": false}
{"timestamp": "2023-11-11T16:13:15.573377", "host": "NAZMI-PC", "run_id": "03aa394a-ed1d-461e-b315-60bed99a6bdf", "args": ["test.py"], "project": "new branch", "commit": "cad2344as", "file": "run_c.py", "func": "run_c", "tool": "create iccp endpoint", "exception": false}
{"timestamp": "2023-11-11T16:13:15.673809", "host": "NAZMI-PC", "run_id": "03aa394a-ed1d-461e-b315-60bed99a6bdf", "args": ["test.py"], "project": "new branch", "commit": "cad2344as", "file": "run_d.py", "func": "run_d", "tool": "run_d", "exception": false}
{"timestamp": "2023-11-11T16:13:15.774190", "host": "NAZMI-PC", "run_id": "03aa394a-ed1d-461e-b315-60bed99a6bdf", "args": ["test.py"], "project": "new branch", "commit": "cad2344as", "file": "run_e.py", "func": "run_e", "tool": "run_e", "exception": {"name": "Exception", "message": "run_e exception"}}
{"timestamp": "2023-11-11T16:13:15.979118", "host": "NAZMI-PC", "run_id": "f8bf3799-bfa8-4a4e-8e1f-4e32ecea18c1", "args": ["test.py"], "project": "new branch", "commit": "cad2344as", "file": "test.py", "func": "run_a", "tool": "run_a", "exception": false}
{"timestamp": "2023-11-11T16:13:16.079796", "host": "NAZMI-PC", "run_id": "f8bf3799-bfa8-4a4e-8e1f-4e32ecea18c1", "args": ["test.py"], "project": "new branch", "commit": "cad2344as", "file": "run_b_file.py", "func": "run_b", "tool": "run_b", "exception": false}
{"timestamp": "2023-11-11T16:13:16.180257", "host": "NAZMI-PC", "run_id": "f8bf3799-bfa8-4a4e-8e1f-4e32ecea18c1", "args": ["test.py"], "project": "new branch", "commit": "cad2344as", "file": "run_c.py", "func": "run_c", "tool": "create iccp endpoint", "exception": false}
{"timestamp": "2023-11-11T16:13:16.280701", "host": "NAZMI-PC", "run_id": "f8bf3799-bfa8-4a4e-8e1f-4e32ecea18c1", "args": ["test.py"], "project": "new branch", "commit": "cad2344as", "file": "run_d.py", "func": "run_d", "tool": "run_d", "exception": false}
{"timestamp": "2023-11-11T16:13:16.381092", "host": "NAZMI-PC", "run_id": "f8bf3799-bfa8-4a4e-8e1f-4e32ecea18c1", "args": ["test.py"], "project": "new branch", "commit": "cad2344as", "file": "run_e.py", "func": "run_e", "tool": "run_e", "exception": {"name": "Exception", "message": "run_e exception"}}
{"timestamp": "2023-11-11T16:13:16.583278", "host": "NAZMI-PC", "run_id": "9f2a6ce4-288d-4eb0-ab19-a25f4053b077", "args": ["test.py"], "project": "new branch", "commit": "cad2344as", "file": "test.py", "func": "run_a", "tool": "run_a", "exception": false}
{"timestamp": "2023-11-11T16:13:16.683637", "host": "NAZMI-PC", "run_id": "9f2a6ce4-288d-4eb0-ab19-a25f4053b077", "args": ["test.py"], "project": "new branch", "commit": "cad2344as", "file": "run_b_file.py", "func": "run_b", "tool": "run_b", "exception": false}
{"timestamp": "2023-11-11T16:13:16.784142", "host": "NAZMI-PC", "run_id": "9f2a6ce4-288d-4eb0-ab19-a25f4053b077", "args": ["test.py"], "project": "new branch", "commit": "cad2344as", "file": "run_c.py", "func": "run_c", "tool": "create iccp endpoint", "exception": false}
{"timestamp": "2023-11-11T16:13:16.884678", "host": "NAZMI-PC", "run_id": "9f2a6ce4-288d-4eb0-ab19-a25f4053b077", "args": ["test.py"], "project": "new branch", "commit": "cad2344as", "file": "run_d.py", "func": "run_d", "tool": "run_d", "exception": false}
{"timestamp": "2023-11-11T16:13:16.985056", "host": "NAZMI-PC", "run_id": "9f2a6ce4-288d-4eb0-ab19-a25f4053b077", "args": ["test.py"], "project": "new branch", "commit": "cad2344as", "file": "run_e.py", "func": "run_e", "tool": "run_e", "exception": {"name": "Exception", "message": "run_e exception"}}
{"timestamp": "2023-11-11T16:13:17.190469", "host": "NAZMI-PC", "run_id": "9b659072-79ef-4ded-93a0-3511994535d3", "args": ["test.py"], "project": "new branch", "commit": "cad2344as", "file": "test.py", "func": "run_a", "tool": "run_a", "exception": false}
{"timestamp": "2023-11-11T16:13:17.290837", "host": "NAZMI-PC", "run_id": "9b659072-79ef-4ded-93a0-3511994535d3", "args": ["test.py"], "project": "new branch", "commit": "cad2344as", "file": "run_b_file.py", "func": "run_b", "tool": "run_b", "exception": false}
{"timestamp": "2023-11-11T16:13:17.391117", "host": "NAZMI-PC", "run_id": "9b659072-79ef-4ded-93a0-3511994535d3", "args": ["test.py"], "project": "new branch", "commit": "cad2344as", "file": "run_c.py", "func": "run_c", "tool": "create iccp endpoint", "exception": false}
{"timestamp": "2023-11-11T16:13:17.491680", "host": "NAZMI-PC", "run_id": "9b659072-79ef-4ded-93a0-3511994535d3", "args": ["test.py"], "project": "new branch", "commit": "cad2344as", "file": "run_d.py", "func": "run_d", "tool": "run_d", "exception": false}
{"timestamp": "2023-11-11T16:13:17.591968", "host": "NAZMI-PC", "run_id": "9b659072-79ef-4ded-93a0-3511994535d3", "args": ["test.py"], "project": "new branch", "commit": "cad2344as", "file": "run_e.py", "func": "run_e", "tool": "run_e", "exception": {"name": "Exception", "message": "run_e exception"}}
{"timestamp": "2023-11-11T16:13:17.807474", "host": "NAZMI-PC", "run_id": "1c07c542-8ce9-4e97-a923-f53803ed6188", "args": ["test.py"], "project": "new branch", "commit": "cad2344as", "file": "test.py", "func": "run_a", "tool": "run_a", "exception": false}
{"timestamp": "2023-11-11T16:13:17.907820", "host": "NAZMI-PC", "run_id": "1c07c542-8ce9-4e97-a923-f53803ed6188", "args": ["test.py"], "project": "new branch", "commit": "cad2344as", "file": "run_b_file.py", "func": "run_b", "tool": "run_b", "exception": false}
{"timestamp": "2023-11-11T16:13:18.008597", "host": "NAZMI-PC", "run_id": "1c07c542-8ce9-4e97-a923-f53803ed6188", "args": ["test.py"], "project": "new branch", "commit": "cad2344as", "file": "run_c.py", "func": "run_c", "tool": "create iccp endpoint", "exception": false}
{"timestamp": "2023-11-11T16:13:18.108876", "host": "NAZMI-PC", "run_id": "1c07c542-8ce9-4e97-a923-f53803ed6188", "args": ["test.py"], "project": "new branch", "commit": "cad2344as", "file": "run_d.py", "func": "run_d", "tool": "run_d", "exception": false}
{"timestamp": "2023-11-11T16:13:18.209593", "host": "NAZMI-PC", "run_id": "1c07c542-8ce9-4e97-a923-f53803ed6188", "args": ["test.py"], "project": "new branch", "commit": "cad2344as", "file": "run_e.py", "func": "run_e", "tool": "run_e", "exception": {"name": "Exception", "message": "run_e exception"}}
{"timestamp": "2023-11-11T16:13:18.416207", "host": "NAZMI-PC", "run_id": "76ba8b42-425d-4b18-9a8f-8d0c62ce9619", "args": ["test.py"], "project": "new branch", "commit": "cad2344as", "file": "test.py", "func": "run_a", "tool": "run_a", "exception": false}
{"timestamp": "2023-11-11T16:13:18.516763", "host": "NAZMI-PC", "run_id": "76ba8b42-425d-4b18-9a8f-8d0c62ce9619", "args": ["test.py"], "project": "new branch", "commit": "cad2344as", "file": "run_b_file.py", "func": "run_b", "tool": "run_b", "exception": false}
{"timestamp": "2023-11-11T16:13:18.617300", "host": "NAZMI-PC", "run_id": "76ba8b42-425d-4b18-9a8f-8d0c62ce9619", "args": ["test.py"], "project": "new branch", "commit": "cad2344as", "file": "run_c.py", "func": "run_c", "tool": "create iccp endpoint", "exception": false}
{"timestamp": "2023-11-11T16:13:18.718101", "host": "NAZMI-PC", "run_id": "76ba8b42-425d-4b18-9a8f-8d0c62ce9619", "args": ["test.py"], "project": "new branch", "commit": "cad2344as", "file": "run_d.py", "func": "run_d", "tool": "run_d", "exception": false}
{"timestamp": "2023-11-11T16:13:18.818584", "host": "NAZMI-PC", "run_id": "76ba8b42-425d-4b18-9a8f-8d0c62ce9619", "args": ["test.py"], "project": "new branch", "commit": "cad2344as", "file": "run_e.py", "func": "run_e", "tool": "run_e", "exception": {"name": "Exception", "message": "run_e exception"}}
{"timestamp": "2023-11-11T16:13:19.021420", "host": "NAZMI-PC", "run_id": "35aa5607-ad95-44b3-aaf6-54e298d2943c", "args": ["test.py"], "project": "new branch", "commit": "cad2344as", "file": "test.py", "func": "run_a", "tool": "run_a", "exception": false}
{"timestamp": "2023-11-11T16:13:19.122167", "host": "NAZMI-PC", "run_id": "35aa5607-ad95-44b3-aaf6-54e298d2943c", "args": ["test.py"], "project": "new branch", "commit": "cad2344as", "file": "run_b_file.py", "func": "run_b", "tool": "run_b", "exception": false}
{"timestamp": "2023-11-11T16:13:19.222908", "host": "NAZMI-PC", "run_id": "35aa5607-ad95-44b3-aaf6-54e298d2943c", "args": ["test.py"], "project": "new branch", "commit": "cad2344as", "file": "run_c.py", "func": "run_c", "tool": "create iccp endpoint", "exception": false}
{"timestamp": "2023-11-11T16:13:19.323197", "host": "NAZMI-PC", "run_id": "35aa5607-ad95-44b3-aaf6-54e298d2943c", "args": ["test.py"], "project": "new branch", "commit": "cad2344as", "file": "run_d.py", "func": "run_d", "tool": "run_d", "exception": false}
{"timestamp": "2023-11-11T16:13:19.423484", "host": "NAZMI-PC", "run_id": "35aa5607-ad95-44b3-aaf6-54e298d2943c", "args": ["test.py"], "project": "new branch", "commit": "cad2344as", "file": "run_e.py", "func": "run_e", "tool": "run_e", "exception": {"name": "Exception", "message": "run_e exception"}}
{"timestamp": "2023-11-11T16:13:19.625358", "host": "NAZMI-PC", "run_id": "7467aec9-36bf-4b5f-9d4b-ef0ad706c1f0", "args": ["test.py"], "project": "new branch", "commit": "cad2344as", "file": "test.py", "func": "run_a", "tool": "run_a", "exception": false}
{"timestamp": "2023-11-11T16:13:19.725741", "host": "NAZMI-PC", "run_id": "7467aec9-36bf-4b5f-9d4b-ef0ad706c1f0", "args": ["test.py"], "project": "new branch", "commit": "cad2344as", "file": "run_b_file.py", "func": "run_b", "tool": "run_b", "exception": false}
{"timestamp": "2023-11-11T16:13:19.826491", "host": "NAZMI-PC", "run_id": "7467aec9-36bf-4b5f-9d4b-ef0ad706c1f0", "args": ["test.py"], "project": "new branch", "commit": "cad2344as", "file": "run_c.py", "func": "run_c", "tool": "create iccp endpoint", "exception": false}
{"timestamp": "2023-11-11T16:13:19.926933", "host": "NAZMI-PC", "run_id": "7467aec9-36bf-4b5f-9d4b-ef0ad706c1f0", "args": ["test.py"], "project": "new branch", "commit": "cad2344as", "file": "run_d.py", "func": "run_d", "tool": "run_d", "exception": false}
{"timestamp": "2023-11-11T16:13:20.027577", "host": "NAZMI-PC", "run_id": "7467aec9-36bf-4b5f-9d4b-ef0ad706c1f0", "args": ["test.py"], "project": "new branch", "commit": "cad2344as", "file": "run_e.py", "func": "run_e", "tool": "run_e", "exception": {"name": "Exception", "message": "run_e exception"}}
{"timestamp": "2023-11-11T16:13:20.233576", "host": "NAZMI-PC", "run_id": "b889b78b-6477-4c28-b94a-6d72811d27e1", "args": ["test.py"], "project": "new branch", "commit": "cad2344as", "file": "test.py", "func": "run_a", "tool": "run_a", "exception": false}
{"timestamp": "2023-11-11T16:13:20.333856", "host": "NAZMI-PC", "run_id": "b889b78b-6477-4c28-b94a-6d72811d27e1", "args": ["test.py"], "project": "new branch", "commit": "cad2344as", "file": "run_b_file.py", "func": "run_b", "tool": "run_b", "exception": false}
{"timestamp": "2023-11-11T16:13:20.434221", "host": "NAZMI-PC", "run_id": "b889b78b-6477-4c28-b94a-6d72811d27e1", "args": ["test.py"], "project": "new branch", "commit": "cad2344as", "file": "run_c.py", "func": "run_c", "tool": "create iccp endpoint", "exception": false}
{"timestamp": "2023-11-11T16:13:20.534925", "host": "NAZMI-PC", "run_id": "b889b78b-6477-4c28-b94a-6d72811d27e1", "args": ["test.py"], "project": "new branch", "commit": "cad2344as", "file": "run_d.py", "func": "run_d", "tool": "run_d", "exception": false}
{"timestamp": "2023-11-11T16:13:20.635418", "host": "NAZMI-PC", "run_id": "b889b78b-6477-4c28-b94a-6d72811d27e1", "args": ["test.py"], "project": "new branch", "commit": "cad2344as", "file": "run_e.py", "func": "run_e", "tool": "run_e", "exception": {"name": "Exception", "message": "run_e exception"}}
{"timestamp": "2023-11-11T16:13:20.838071", "host": "NAZMI-PC", "run_id": "bb8d5bf4-0308-41e8-b780-bde4c4ee9e65", "args": ["test.py"], "project": "new branch", "commit": "cad2344as", "file": "test.py", "func": "run_a", "tool": "run_a", "exception": false}
{"timestamp": "2023-11-11T16:13:20.938585", "host": "NAZMI-PC", "run_id": "bb8d5bf4-0308-41e8-b780-bde4c4ee9e65", "args": ["test.py"], "project": "new branch", "commit": "cad2344as", "file": "run_b_file.py", "func": "run_b", "tool": "run_b", "exception": false}
{"timestamp": "2023-11-11T16:13:21.039081", "host": "NAZMI-PC", "run_id": "bb8d5bf4-0308-41e8-b780-bde4c4ee9e65", "args": ["test.py"], "project": "new branch", "commit": "cad2344as", "file": "run_c.py", "func": "run_c", "tool": "create iccp endpoint", "exception": false}
{"timestamp": "2023-11-11T16:13:21.139722", "host": "NAZMI-PC", "run_id": "bb8d5bf4-0308-41e8-b780-bde4c4ee9e65", "args": ["test.py"], "project": "new branch", "commit": "cad2344as", "file": "run_d.py", "func": "run_d", "tool": "run_d", "exception": false}
{"timestamp": "2023-11-11T16:13:21.240209", "host": "NAZMI-PC", "run_id": "bb8d5bf4-0308-41e8-b780-bde4c4ee9e65", "args": ["test.py"], "project": "new branch", "commit": "cad2344as", "file": "run_e.py", "func": "run_e", "tool": "run_e", "exception": {"name": "Exception", "message": "run_e exception"}}
{"timestamp": "2023-11-11T16:13:21.447894", "host": "NAZMI-PC", "run_id": "5b010ee9-5099-469c-9e0f-7e06cd5d0041", "args": ["test.py"], "project": "new branch", "commit": "cad2344as", "file": "test.py", "func": "run_a", "tool": "run_a", "exception": false}
{"timestamp": "2023-11-11T16:13:21.548272", "host": "NAZMI-PC", "run_id": "5b010ee9-5099-469c-9e0f-7e06cd5d0041", "args": ["test.py"], "project": "new branch", "commit": "cad2344as", "file": "run_b_file.py", "func": "run_b", "tool": "run_b", "exception": false}
{"timestamp": "2023-11-11T16:13:21.648723", "host": "NAZMI-PC", "run_id": "5b010ee9-5099-469c-9e0f-7e06cd5d0041", "args": ["test.py"], "project": "new branch", "commit": "cad2344as", "file": "run_c.py", "func": "run_c", "tool": "create iccp endpoint", "exception": false}
{"timestamp": "2023-11-11T16:13:21.749073", "host": "NAZMI-PC", "run_id": "5b010ee9-5099-469c-9e0f-7e06cd5d0041", "args": ["test.py"], "project": "new branch", "commit": "cad2344as", "file": "run_d.py", "func": "run_d", "tool": "run_d", "exception": false}
{"timestamp": "2023-11-11T16:13:21.849819", "host": "NAZMI-PC", "run_id": "5b010ee9-5099-469c-9e0f-7e06cd5d0041", "args": ["test.py"], "project": "new branch", "commit": "cad2344as", "file": "run_e.py", "func": "run_e", "tool": "run_e", "exception": {"name": "Exception", "message": "run_e exception"}}
{"timestamp": "2023-11-11T16:13:22.051343", "host": "NAZMI-PC", "run_id": "15cd338d-4f37-42ce-845e-71a48847d8fb", "args": ["test.py"], "project": "new branch", "commit": "cad2344as", "file": "test.py", "func": "run_a", "tool": "run_a", "exception": false}
{"timestamp": "2023-11-11T16:13:22.151903", "host": "NAZMI-PC", "run_id": "15cd338d-4f37-42ce-845e-71a48847d8fb", "args": ["test.py"], "project": "new branch", "commit": "cad2344as", "file": "run_b_file.py", "func": "run_b", "tool": "run_b", "exception": false}
{"timestamp": "2023-11-11T16:13:22.252205", "host": "NAZMI-PC", "run_id": "15cd338d-4f37-42ce-845e-71a48847d8fb", "args": ["test.py"], "project": "new branch", "commit": "cad2344as", "file": "run_c.py", "func": "run_c", "tool": "create iccp endpoint", "exception": false}
{"timestamp": "2023-11-11T16:13:22.352910", "host": "NAZMI-PC", "run_id": "15cd338d-4f37-42ce-845e-71a48847d8fb", "args": ["test.py"], "project": "new branch", "commit": "cad2344as", "file": "run_d.py", "func": "run_d", "tool": "run_d", "exception": false}
{"timestamp": "2023-11-11T16:13:22.453371", "host": "NAZMI-PC", "run_id": "15cd338d-4f37-42ce-845e-71a48847d8fb", "args": ["test.py"], "project": "new branch", "commit": "cad2344as", "file": "run_e.py", "func": "run_e", "tool": "run_e", "exception": {"name": "Exception", "message": "run_e exception"}}
{"timestamp": "2023-11-11T16:13:22.659895", "host": "NAZMI-PC", "run_id": "a694f9fd-75aa-4ab8-bcb7-06758a74f015", "args": ["test.py"], "project": "new branch", "commit": "cad2344as", "file": "test.py", "func": "run_a", "tool": "run_a", "exception": false}
{"timestamp": "2023-11-11T16:13:22.760536", "host": "NAZMI-PC", "run_id": "a694f9fd-75aa-4ab8-bcb7-06758a74f015", "args": ["test.py"], "project": "new branch", "commit": "cad2344as", "file": "run_b_file.py", "func": "run_b", "tool": "run_b", "exception": false}
{"timestamp": "2023-11-11T16:13:22.861129", "host": "NAZMI-PC", "run_id": "a694f9fd-75aa-4ab8-bcb7-06758a74f015", "args": ["test.py"], "project": "new branch", "commit": "cad2344as", "file": "run_c.py", "func": "run_c", "tool": "create iccp endpoint", "exception": false}
{"timestamp": "2023-11-11T16:13:22.961796", "host": "NAZMI-PC", "run_id": "a694f9fd-75aa-4ab8-bcb7-06758a74f015", "args": ["test.py"], "project": "new branch", "commit": "cad2344as", "file": "run_d.py", "func": "run_d", "tool": "run_d", "exception": false}
{"timestamp": "2023-11-11T16:13:23.062091", "host": "NAZMI-PC", "run_id": "a694f9fd-75aa-4ab8-bcb7-06758a74f015", "args": ["test.py"], "project": "new branch", "commit": "cad2344as", "file": "run_e.py", "func": "run_e", "tool": "run_e", "exception": {"name": "Exception", "message": "run_e exception"}}
{"timestamp": "2023-11-11T16:13:23.267972", "host": "NAZMI-PC", "run_id": "06cb6aec-4985-4c30-830f-907f36b7ff0d", "args": ["test.py"], "project": "new branch", "commit": "cad2344as", "file": "test.py", "func": "run_a", "tool": "run_a", "exception": false}
{"timestamp": "2023-11-11T16:13:23.368355", "host": "NAZMI-PC", "run_id": "06cb6aec-4985-4c30-830f-907f36b7ff0d", "args": ["test.py"], "project": "new branch", "commit": "cad2344as", "file": "run_b_file.py", "func": "run_b", "tool": "run_b", "exception": false}
{"timestamp": "2023-11-11T16:13:23.468739", "host": "NAZMI-PC", "run_id": "06cb6aec-4985-4c30-830f-907f36b7ff0d", "args": ["test.py"], "project": "new branch", "commit": "cad2344as", "file": "run_c.py", "func": "run_c", "tool": "create iccp endpoint", "exception": false}
{"timestamp": "2023-11-11T16:13:23.569334", "host": "NAZMI-PC", "run_id": "06cb6aec-4985-4c30-830f-907f36b7ff0d", "args": ["test.py"], "project": "new branch", "commit": "cad2344as", "file": "run_d.py", "func": "run_d", "tool": "run_d", "exception": false}
{"timestamp": "2023-11-11T16:13:23.670026", "host": "NAZMI-PC", "run_id": "06cb6aec-4985-4c30-830f-907f36b7ff0d", "args": ["test.py"], "project": "new branch", "commit": "cad2344as", "file": "run_e.py", "func": "run_e", "tool": "run_e", "exception": {"name": "Exception", "message": "run_e exception"}}
{"timestamp": "2023-11-11T16:13:23.877332", "host": "NAZMI-PC", "run_id": "2483a4a2-ac47-4450-b559-b4fb4d404468", "args": ["test.py"], "project": "new branch", "commit": "cad2344as", "file": "test.py", "func": "run_a", "tool": "run_a", "exception": false}
{"timestamp": "2023-11-11T16:13:23.977865", "host": "NAZMI-PC", "run_id": "2483a4a2-ac47-4450-b559-b4fb4d404468", "args": ["test.py"], "project": "new branch", "commit": "cad2344as", "file": "run_b_file.py", "func": "run_b", "tool": "run_b", "exception": false}
{"timestamp": "2023-11-11T16:13:24.078532", "host": "NAZMI-PC", "run_id": "2483a4a2-ac47-4450-b559-b4fb4d404468", "args": ["test.py"], "project": "new branch", "commit": "cad2344as", "file": "run_c.py", "func": "run_c", "tool": "create iccp endpoint", "exception": false}
{"timestamp": "2023-11-11T16:13:24.178882", "host": "NAZMI-PC", "run_id": "2483a4a2-ac47-4450-b559-b4fb4d404468", "args": ["test.py"], "project": "new branch", "commit": "cad2344as", "file": "run_d.py", "func": "run_d", "tool": "run_d", "exception": false}
{"timestamp": "2023-11-11T16:13:24.279491", "host": "NAZMI-PC", "run_id": "2483a4a2-ac47-4450-b559-b4fb4d404468", "args": ["test.py"], "project": "new branch", "commit": "cad2344as", "file": "run_e.py", "func": "run_e", "tool": "run_e", "exception": {"name": "Exception", "message": "run_e exception"}}
{"timestamp": "2023-11-11T16:13:24.484613", "host": "NAZMI-PC", "run_id": "c4cca70f-7757-4564-9767-f682453a4a97", "args": ["test.py"], "project": "new branch", "commit": "cad2344as", "file": "test.py", "func": "run_a", "tool": "run_a", "exception": false}
{"timestamp": "2023-11-11T16:13:24.585336", "host": "NAZMI-PC", "run_id": "c4cca70f-7757-4564-9767-f682453a4a97", "args": ["test.py"], "project": "new branch", "commit": "cad2344as", "file": "run_b_file.py", "func": "run_b", "tool": "run_b", "exception": false}
{"timestamp": "2023-11-11T16:13:24.685975", "host": "NAZMI-PC", "run_id": "c4cca70f-7757-4564-9767-f682453a4a97", "args": ["test.py"], "project": "new branch", "commit": "cad2344as", "file": "run_c.py", "func": "run_c", "tool": "create iccp endpoint", "exception": false}
{"timestamp": "2023-11-11T16:13:24.786680", "host": "NAZMI-PC", "run_id": "c4cca70f-7757-4564-9767-f682453a4a97", "args": ["test.py"], "project": "new branch", "commit": "cad2344as", "file": "run_d.py", "func": "run_d", "tool": "run_d", "exception": false}
{"timestamp": "2023-11-11T16:13:24.887212", "host": "NAZMI-PC", "run_id": "c4cca70f-7757-4564-9767-f682453a4a97", "args": ["test.py"], "project": "new branch", "commit": "cad2344as", "file": "run_e.py", "func": "run_e", "tool": "run_e", "exception": {"name": "Exception", "message": "run_e exception"}}
{"timestamp": "2023-11-11T16:13:25.098023", "host": "NAZMI-PC", "run_id": "8c4505bd-7173-4358-a2e3-49e6eb74fa6d", "args": ["test.py"], "project": "new branch", "commit": "cad2344as", "file": "test.py", "func": "run_a", "tool": "run_a", "exception": false}
{"timestamp": "2023-11-11T16:13:25.198520", "host": "NAZMI-PC", "run_id": "8c4505bd-7173-4358-a2e3-49e6eb74fa6d", "args": ["test.py"], "project": "new branch", "commit": "cad2344as", "file": "run_b_file.py", "func": "run_b", "tool": "run_b", "exception": false}
{"timestamp": "2023-11-11T16:13:25.299247", "host": "NAZMI-PC", "run_id": "8c4505bd-7173-4358-a2e3-49e6eb74fa6d", "args": ["test.py"], "project": "new branch", "commit": "cad2344as", "file": "run_c.py", "func": "run_c", "tool": "create iccp endpoint", "exception": false}
{"timestamp": "2023-11-11T16:13:25.399946", "host": "NAZMI-PC", "run_id": "8c4505bd-7173-4358-a2e3-49e6eb74fa6d", "args": ["test.py"], "project": "new branch", "commit": "cad2344as", "file": "run_d.py", "func": "run_d", "tool": "run_d", "exception": false}
{"timestamp": "2023-11-11T16:13:25.500714", "host": "NAZMI-PC", "run_id": "8c4505bd-7173-4358-a2e3-49e6eb74fa6d", "args": ["test.py"], "project": "new branch", "commit": "cad2344as", "file": "run_e.py", "func": "run_e", "tool": "run_e", "exception": {"name": "Exception", "message": "run_e exception"}}
{"timestamp": "2023-11-11T16:13:25.703504", "host": "NAZMI-PC", "run_id": "bb309fdc-a2d5-45e6-ab4e-2de8556c63f2", "args": ["test.py"], "project": "new branch", "commit": "cad2344as", "file": "test.py", "func": "run_a", "tool": "run_a", "exception": false}
{"timestamp": "2023-11-11T16:13:25.803817", "host": "NAZMI-PC", "run_id": "bb309fdc-a2d5-45e6-ab4e-2de8556c63f2", "args": ["test.py"], "project": "new branch", "commit": "cad2344as", "file": "run_b_file.py", "func": "run_b", "tool": "run_b", "exception": false}
{"timestamp": "2023-11-11T16:13:25.904531", "host": "NAZMI-PC", "run_id": "bb309fdc-a2d5-45e6-ab4e-2de8556c63f2", "args": ["test.py"], "project": "new branch", "commit": "cad2344as", "file": "run_c.py", "func": "run_c", "tool": "create iccp endpoint", "exception": false}
{"timestamp": "2023-11-11T16:13:26.004847", "host": "NAZMI-PC", "run_id": "bb309fdc-a2d5-45e6-ab4e-2de8556c63f2", "args": ["test.py"], "project": "new branch", "commit": "cad2344as", "file": "run_d.py", "func": "run_d", "tool": "run_d", "exception": false}
{"timestamp": "2023-11-11T16:13:26.105462", "host": "NAZMI-PC", "run_id": "bb309fdc-a2d5-45e6-ab4e-2de8556c63f2", "args": ["test.py"], "project": "new branch", "commit": "cad2344as", "file": "run_e.py", "func": "run_e", "tool": "run_e", "exception": {"name": "Exception", "message": "run_e exception"}}
{"timestamp": "2023-11-11T16:13:26.315157", "host": "NAZMI-PC", "run_id": "aab7e906-a6f4-4db6-8274-49cacbadadb7", "args": ["test.py"], "project": "new branch", "commit": "cad2344as", "file": "test.py", "func": "run_a", "tool": "run_a", "exception": false}
{"timestamp": "2023-11-11T16:13:26.415721", "host": "NAZMI-PC", "run_id": "aab7e906-a6f4-4db6-8274-49cacbadadb7", "args": ["test.py"], "project": "new branch", "commit": "cad2344as", "file": "run_b_file.py", "func": "run_b", "tool": "run_b", "exception": false}
{"timestamp": "2023-11-11T16:13:26.516065", "host": "NAZMI-PC", "run_id": "aab7e906-a6f4-4db6-8274-49cacbadadb7", "args": ["test.py"], "project": "new branch", "commit": "cad2344as", "file": "run_c.py", "func": "run_c", "tool": "create iccp endpoint", "exception": false}
{"timestamp": "2023-11-11T16:13:26.616630", "host": "NAZMI-PC", "run_id": "aab7e906-a6f4-4db6-8274-49cacbadadb7", "args": ["test.py"], "project": "new branch", "commit": "cad2344as", "file": "run_d.py", "func": "run_d", "tool": "run_d", "exception": false}
{"timestamp": "2023-11-11T16:13:26.717166", "host": "NAZMI-PC", "run_id": "aab7e906-a6f4-4db6-8274-49cacbadadb7", "args": ["test.py"], "project": "new branch", "commit": "cad2344as", "file": "run_e.py", "func": "run_e", "tool": "run_e", "exception": {"name": "Exception", "message": "run_e exception"}}
{"timestamp": "2023-11-11T16:13:26.922166", "host": "NAZMI-PC", "run_id": "c331fae1-cd1c-48a7-8481-a4e93c0f6724", "args": ["test.py"], "project": "new branch", "commit": "cad2344as", "file": "test.py", "func": "run_a", "tool": "run_a", "exception": false}
{"timestamp": "2023-11-11T16:13:27.022490", "host": "NAZMI-PC", "run_id": "c331fae1-cd1c-48a7-8481-a4e93c0f6724", "args": ["test.py"], "project": "new branch", "commit": "cad2344as", "file": "run_b_file.py", "func": "run_b", "tool": "run_b", "exception": false}
{"timestamp": "2023-11-11T16:13:27.122761", "host": "NAZMI-PC", "run_id": "c331fae1-cd1c-48a7-8481-a4e93c0f6724", "args": ["test.py"], "project": "new branch", "commit": "cad2344as", "file": "run_c.py", "func": "run_c", "tool": "create iccp endpoint", "exception": false}
{"timestamp": "2023-11-11T16:13:27.223493", "host": "NAZMI-PC", "run_id": "c331fae1-cd1c-48a7-8481-a4e93c0f6724", "args": ["test.py"], "project": "new branch", "commit": "cad2344as", "file": "run_d.py", "func": "run_d", "tool": "run_d", "exception": false}
{"timestamp": "2023-11-11T16:13:27.324103", "host": "NAZMI-PC", "run_id": "c331fae1-cd1c-48a7-8481-a4e93c0f6724", "args": ["test.py"], "project": "new branch", "commit": "cad2344as", "file": "run_e.py", "func": "run_e", "tool": "run_e", "exception": {"name": "Exception", "message": "run_e exception"}}
{"timestamp": "2023-11-11T16:13:27.529994", "host": "NAZMI-PC", "run_id": "bbca5752-fcd3-4ccd-b2a7-b1b632a380e7", "args": ["test.py"], "project": "new branch", "commit": "cad2344as", "file": "test.py", "func": "run_a", "tool": "run_a", "exception": false}
{"timestamp": "2023-11-11T16:13:27.630639", "host": "NAZMI-PC", "run_id": "bbca5752-fcd3-4ccd-b2a7-b1b632a380e7", "args": ["test.py"], "project": "new branch", "commit": "cad2344as", "file": "run_b_file.py", "func": "run_b", "tool": "run_b", "exception": false}
{"timestamp": "2023-11-11T16:13:27.731047", "host": "NAZMI-PC", "run_id": "bbca5752-fcd3-4ccd-b2a7-b1b632a380e7", "args": ["test.py"], "project": "new branch", "commit": "cad2344as", "file": "run_c.py", "func": "run_c", "tool": "create iccp endpoint", "exception": false}
{"timestamp": "2023-11-11T16:13:27.831485", "host": "NAZMI-PC", "run_id": "bbca5752-fcd3-4ccd-b2a7-b1b632a380e7", "args": ["test.py"], "project": "new branch", "commit": "cad2344as", "file": "run_d.py", "func": "run_d", "tool": "run_d", "exception": false}
{"timestamp": "2023-11-11T16:13:27.932134", "host": "NAZMI-PC", "run_id": "bbca5752-fcd3-4ccd-b2a7-b1b632a380e7", "args": ["test.py"], "project": "new branch", "commit": "cad2344as", "file": "run_e.py", "func": "run_e", "tool": "run_e", "exception": {"name": "Exception", "message": "run_e exception"}}
{"timestamp": "2023-11-11T16:13:28.138127", "host": "NAZMI-PC", "run_id": "8c61ee7f-edb8-4d9e-be48-41ff4808a97a", "args": ["test.py"], "project": "new branch", "commit": "cad2344as", "file": "test.py", "func": "run_a", "tool": "run_a", "exception": false}
{"timestamp": "2023-11-11T16:13:28.238874", "host": "NAZMI-PC", "run_id": "8c61ee7f-edb8-4d9e-be48-41ff4808a97a", "args": ["test.py"], "project": "new branch", "commit": "cad2344as", "file": "run_b_file.py", "func": "run_b", "tool": "run_b", "exception": false}
{"timestamp": "2023-11-11T16:13:28.339483", "host": "NAZMI-PC", "run_id": "8c61ee7f-edb8-4d9e-be48-41ff4808a97a", "args": ["test.py"], "project": "new branch", "commit": "cad2344as", "file": "run_c.py", "func": "run_c", "tool": "create iccp endpoint", "exception": false}
{"timestamp": "2023-11-11T16:13:28.439759", "host": "NAZMI-PC", "run_id": "8c61ee7f-edb8-4d9e-be48-41ff4808a97a", "args": ["test.py"], "project": "new branch", "commit": "cad2344as", "file": "run_d.py", "func": "run_d", "tool": "run_d", "exception": false}
{"timestamp": "2023-11-11T16:13:28.540265", "host": "NAZMI-PC", "run_id": "8c61ee7f-edb8-4d9e-be48-41ff4808a97a", "args": ["test.py"], "project": "new branch", "commit": "cad2344as", "file": "run_e.py", "func": "run_e", "tool": "run_e", "exception": {"name": "Exception", "message": "run_e exception"}}
{"timestamp": "2023-11-11T16:13:28.741590", "host": "NAZMI-PC", "run_id": "90436e83-ec26-4614-8f45-015d0adf9358", "args": ["test.py"], "project": "new branch", "commit": "cad2344as", "file": "test.py", "func": "run_a", "tool": "run_a", "exception": false}
{"timestamp": "2023-11-11T16:13:28.842203", "host": "NAZMI-PC", "run_id": "90436e83-ec26-4614-8f45-015d0adf9358", "args": ["test.py"], "project": "new branch", "commit": "cad2344as", "file": "run_b_file.py", "func": "run_b", "tool": "run_b", "exception": false}
{"timestamp": "2023-11-11T16:13:28.942964", "host": "NAZMI-PC", "run_id": "90436e83-ec26-4614-8f45-015d0adf9358", "args": ["test.py"], "project": "new branch", "commit": "cad2344as", "file": "run_c.py", "func": "run_c", "tool": "create iccp endpoint", "exception": false}
{"timestamp": "2023-11-11T16:13:29.043478", "host": "NAZMI-PC", "run_id": "90436e83-ec26-4614-8f45-015d0adf9358", "args": ["test.py"], "project": "new branch", "commit": "cad2344as", "file": "run_d.py", "func": "run_d", "tool": "run_d", "exception": false}
{"timestamp": "2023-11-11T16:13:29.143973", "host": "NAZMI-PC", "run_id": "90436e83-ec26-4614-8f45-015d0adf9358", "args": ["test.py"], "project": "new branch", "commit": "cad2344as", "file": "run_e.py", "func": "run_e", "tool": "run_e", "exception": {"name": "Exception", "message": "run_e exception"}}
{"timestamp": "2023-11-11T16:13:29.347626", "host": "NAZMI-PC", "run_id": "5a55543d-a876-4aac-a085-a2f7544713bf", "args": ["test.py"], "project": "new branch", "commit": "cad2344as", "file": "test.py", "func": "run_a", "tool": "run_a", "exception": false}
{"timestamp": "2023-11-11T16:13:29.448000", "host": "NAZMI-PC", "run_id": "5a55543d-a876-4aac-a085-a2f7544713bf", "args": ["test.py"], "project": "new branch", "commit": "cad2344as", "file": "run_b_file.py", "func": "run_b", "tool": "run_b", "exception": false}
{"timestamp": "2023-11-11T16:13:29.548663", "host": "NAZMI-PC", "run_id": "5a55543d-a876-4aac-a085-a2f7544713bf", "args": ["test.py"], "project": "new branch", "commit": "cad2344as", "file": "run_c.py", "func": "run_c", "tool": "create iccp endpoint", "exception": false}
{"timestamp": "2023-11-11T16:13:29.649169", "host": "NAZMI-PC", "run_id": "5a55543d-a876-4aac-a085-a2f7544713bf", "args": ["test.py"], "project": "new branch", "commit": "cad2344as", "file": "run_d.py", "func": "run_d", "tool": "run_d", "exception": false}
{"timestamp": "2023-11-11T16:13:29.749636", "host": "NAZMI-PC", "run_id": "5a55543d-a876-4aac-a085-a2f7544713bf", "args": ["test.py"], "project": "new branch", "commit": "cad2344as", "file": "run_e.py", "func": "run_e", "tool": "run_e", "exception": {"name": "Exception", "message": "run_e exception"}}
{"timestamp": "2023-11-11T16:13:29.953778", "host": "NAZMI-PC", "run_id": "f66f3460-3d1b-43b3-b1d0-4e0e5178f1a1", "args": ["test.py"], "project": "new branch", "commit": "cad2344as", "file": "test.py", "func": "run_a", "tool": "run_a", "exception": false}
{"timestamp": "2023-11-11T16:13:30.054157", "host": "NAZMI-PC", "run_id": "f66f3460-3d1b-43b3-b1d0-4e0e5178f1a1", "args": ["test.py"], "project": "new branch", "commit": "cad2344as", "file": "run_b_file.py", "func": "run_b", "tool": "run_b", "exception": false}
{"timestamp": "2023-11-11T16:13:30.154471", "host": "NAZMI-PC", "run_id": "f66f3460-3d1b-43b3-b1d0-4e0e5178f1a1", "args": ["test.py"], "project": "new branch", "commit": "cad2344as", "file": "run_c.py", "func": "run_c", "tool": "create iccp endpoint", "exception": false}
{"timestamp": "2023-11-11T16:13:30.255114", "host": "NAZMI-PC", "run_id": "f66f3460-3d1b-43b3-b1d0-4e0e5178f1a1", "args": ["test.py"], "project": "new branch", "commit": "cad2344as", "file": "run_d.py", "func": "run_d", "tool": "run_d", "exception": false}
{"timestamp": "2023-11-11T16:13:30.355939", "host": "NAZMI-PC", "run_id": "f66f3460-3d1b-43b3-b1d0-4e0e5178f1a1", "args": ["test.py"], "project": "new branch", "commit": "cad2344as", "file": "run_e.py", "func": "run_e", "tool": "run_e", "exception": {"name": "Exception", "message": "run_e exception"}}
{"timestamp": "2023-11-11T16:13:30.558002", "host": "NAZMI-PC", "run_id": "4624527b-06c5-475c-a598-674b290f9716", "args": ["test.py"], "project": "new branch", "commit": "cad2344as", "file": "test.py", "func": "run_a", "tool": "run_a", "exception": false}
{"timestamp": "2023-11-11T16:13:30.658698", "host": "NAZMI-PC", "run_id": "4624527b-06c5-475c-a598-674b290f9716", "args": ["test.py"], "project": "new branch", "commit": "cad2344as", "file": "run_b_file.py", "func": "run_b", "tool": "run_b", "exception": false}
{"timestamp": "2023-11-11T16:13:30.759118", "host": "NAZMI-PC", "run_id": "4624527b-06c5-475c-a598-674b290f9716", "args": ["test.py"], "project": "new branch", "commit": "cad2344as", "file": "run_c.py", "func": "run_c", "tool": "create iccp endpoint", "exception": false}
{"timestamp": "2023-11-11T16:13:30.859368", "host": "NAZMI-PC", "run_id": "4624527b-06c5-475c-a598-674b290f9716", "args": ["test.py"], "project": "new branch", "commit": "cad2344as", "file": "run_d.py", "func": "run_d", "tool": "run_d", "exception": false}
{"timestamp": "2023-11-11T16:13:30.959781", "host": "NAZMI-PC", "run_id": "4624527b-06c5-475c-a598-674b290f9716", "args": ["test.py"], "project": "new branch", "commit": "cad2344as", "file": "run_e.py", "func": "run_e", "tool": "run_e", "exception": {"name": "Exception", "message": "run_e exception"}}
{"timestamp": "2023-11-11T16:13:31.164620", "host": "NAZMI-PC", "run_id": "92042423-c627-4a21-91ce-ffa2abe63bf9", "args": ["test.py"], "project": "new branch", "commit": "cad2344as", "file": "test.py", "func": "run_a", "tool": "run_a", "exception": false}
{"timestamp": "2023-11-11T16:13:31.265108", "host": "NAZMI-PC", "run_id": "92042423-c627-4a21-91ce-ffa2abe63bf9", "args": ["test.py"], "project": "new branch", "commit": "cad2344as", "file": "run_b_file.py", "func": "run_b", "tool": "run_b", "exception": false}
{"timestamp": "2023-11-11T16:13:31.365692", "host": "NAZMI-PC", "run_id": "92042423-c627-4a21-91ce-ffa2abe63bf9", "args": ["test.py"], "project": "new branch", "commit": "cad2344as", "file": "run_c.py", "func": "run_c", "tool": "create iccp endpoint", "exception": false}
